[2014-10-07T09:00:54.710Z] [2] Listening on port: port 4080
[2014-10-07T09:00:54.711Z] [2] Listening on port: port 40443
[2014-10-07T09:00:54.711Z] [2] Start successful
[2014-10-07T09:00:54.715Z] [1] Listening on port: port 4080
[2014-10-07T09:00:54.716Z] [4] Listening on port: port 4080
[2014-10-07T09:00:54.717Z] [3] Listening on port: port 4080
[2014-10-07T09:00:54.717Z] [1] Listening on port: port 40443
[2014-10-07T09:00:54.717Z] [1] Start successful
[2014-10-07T09:00:54.719Z] [3] Listening on port: port 40443
[2014-10-07T09:00:54.719Z] [4] Listening on port: port 40443
[2014-10-07T09:00:54.719Z] [4] Start successful
[2014-10-07T09:00:54.719Z] [3] Start successful
[2014-10-07T09:00:54.725Z] [5] Listening on port: port 4080
[2014-10-07T09:00:54.725Z] [7] Listening on port: port 4080
[2014-10-07T09:00:54.727Z] [5] Listening on port: port 40443
[2014-10-07T09:00:54.727Z] [5] Start successful
[2014-10-07T09:00:54.728Z] [7] Listening on port: port 40443
[2014-10-07T09:00:54.728Z] [7] Start successful
[2014-10-07T09:00:54.732Z] [6] Listening on port: port 4080
[2014-10-07T09:00:54.734Z] [6] Listening on port: port 40443
[2014-10-07T09:00:54.734Z] [6] Start successful
[2014-10-07T09:00:54.751Z] [8] Listening on port: port 4080
[2014-10-07T09:00:54.752Z] [8] Listening on port: port 40443
[2014-10-07T09:00:54.752Z] [8] Start successful
[2014-10-07T09:00:54.752Z] All workers started in 245ms
[2014-10-07T09:03:20.235Z] [1] Listening on port: port 4080
[2014-10-07T09:03:20.237Z] [1] Listening on port: port 40443
[2014-10-07T09:03:20.237Z] [1] Start successful
[2014-10-07T09:03:20.241Z] [3] Listening on port: port 4080
[2014-10-07T09:03:20.243Z] [3] Listening on port: port 40443
[2014-10-07T09:03:20.243Z] [3] Start successful
[2014-10-07T09:03:20.246Z] [6] Listening on port: port 4080
[2014-10-07T09:03:20.247Z] [2] Listening on port: port 4080
[2014-10-07T09:03:20.248Z] [6] Listening on port: port 40443
[2014-10-07T09:03:20.248Z] [6] Start successful
[2014-10-07T09:03:20.249Z] [2] Listening on port: port 40443
[2014-10-07T09:03:20.249Z] [2] Start successful
[2014-10-07T09:03:20.249Z] [4] Listening on port: port 4080
[2014-10-07T09:03:20.251Z] [4] Listening on port: port 40443
[2014-10-07T09:03:20.252Z] [4] Start successful
[2014-10-07T09:03:20.255Z] [8] Listening on port: port 4080
[2014-10-07T09:03:20.255Z] [5] Listening on port: port 4080
[2014-10-07T09:03:20.256Z] [7] Listening on port: port 4080
[2014-10-07T09:03:20.256Z] [8] Listening on port: port 40443
[2014-10-07T09:03:20.257Z] [8] Start successful
[2014-10-07T09:03:20.257Z] [5] Listening on port: port 40443
[2014-10-07T09:03:20.258Z] [5] Start successful
[2014-10-07T09:03:20.258Z] [7] Listening on port: port 40443
[2014-10-07T09:03:20.258Z] [7] Start successful
[2014-10-07T09:03:20.258Z] All workers started in 225ms
[2014-10-07T09:21:45.317Z] [1] Listening on port: port 4080
[2014-10-07T09:21:45.319Z] [1] Listening on port: port 40443
[2014-10-07T09:21:45.319Z] [3] Listening on port: port 4080
[2014-10-07T09:21:45.319Z] [2] Listening on port: port 4080
[2014-10-07T09:21:45.320Z] [1] Start successful
[2014-10-07T09:21:45.321Z] [3] Listening on port: port 40443
[2014-10-07T09:21:45.321Z] [3] Start successful
[2014-10-07T09:21:45.321Z] [2] Listening on port: port 40443
[2014-10-07T09:21:45.322Z] [2] Start successful
[2014-10-07T09:21:45.323Z] [5] Listening on port: port 4080
[2014-10-07T09:21:45.324Z] [4] Listening on port: port 4080
[2014-10-07T09:21:45.325Z] [5] Listening on port: port 40443
[2014-10-07T09:21:45.325Z] [5] Start successful
[2014-10-07T09:21:45.326Z] [4] Listening on port: port 40443
[2014-10-07T09:21:45.326Z] [4] Start successful
[2014-10-07T09:21:45.329Z] [8] Listening on port: port 4080
[2014-10-07T09:21:45.331Z] [8] Listening on port: port 40443
[2014-10-07T09:21:45.331Z] [8] Start successful
[2014-10-07T09:21:45.335Z] [6] Listening on port: port 4080
[2014-10-07T09:21:45.336Z] [6] Listening on port: port 40443
[2014-10-07T09:21:45.336Z] [6] Start successful
[2014-10-07T09:21:45.340Z] [7] Listening on port: port 4080
[2014-10-07T09:21:45.341Z] [7] Listening on port: port 40443
[2014-10-07T09:21:45.341Z] [7] Start successful
[2014-10-07T09:21:45.342Z] All workers started in 233ms
[2014-10-07T09:21:47.135Z] [3] Listening on port: port 4080
[2014-10-07T09:21:47.137Z] [3] Listening on port: port 40443
[2014-10-07T09:21:47.137Z] [3] Start successful
[2014-10-07T09:21:47.143Z] [5] Listening on port: port 4080
[2014-10-07T09:21:47.145Z] [1] Listening on port: port 4080
[2014-10-07T09:21:47.145Z] [5] Listening on port: port 40443
[2014-10-07T09:21:47.146Z] [5] Start successful
[2014-10-07T09:21:47.147Z] [1] Listening on port: port 40443
[2014-10-07T09:21:47.147Z] [1] Start successful
[2014-10-07T09:21:47.153Z] [4] Listening on port: port 4080
[2014-10-07T09:21:47.155Z] [4] Listening on port: port 40443
[2014-10-07T09:21:47.156Z] [4] Start successful
[2014-10-07T09:21:47.156Z] [6] Listening on port: port 4080
[2014-10-07T09:21:47.158Z] [6] Listening on port: port 40443
[2014-10-07T09:21:47.158Z] [6] Start successful
[2014-10-07T09:21:47.162Z] [8] Listening on port: port 4080
[2014-10-07T09:21:47.164Z] [8] Listening on port: port 40443
[2014-10-07T09:21:47.164Z] [8] Start successful
[2014-10-07T09:21:47.178Z] [7] Listening on port: port 4080
[2014-10-07T09:21:47.180Z] [7] Listening on port: port 40443
[2014-10-07T09:21:47.180Z] [7] Start successful
[2014-10-07T09:21:47.192Z] [2] Listening on port: port 4080
[2014-10-07T09:21:47.193Z] [2] Listening on port: port 40443
[2014-10-07T09:21:47.193Z] [2] Start successful
[2014-10-07T09:21:47.194Z] All workers started in 270ms
[2014-10-07T09:21:48.245Z] [1] Listening on port: port 4080
[2014-10-07T09:21:48.247Z] [1] Listening on port: port 40443
[2014-10-07T09:21:48.247Z] [1] Start successful
[2014-10-07T09:21:48.257Z] [6] Listening on port: port 4080
[2014-10-07T09:21:48.259Z] [7] Listening on port: port 4080
[2014-10-07T09:21:48.260Z] [6] Listening on port: port 40443
[2014-10-07T09:21:48.260Z] [6] Start successful
[2014-10-07T09:21:48.261Z] [2] Listening on port: port 4080
[2014-10-07T09:21:48.262Z] [7] Listening on port: port 40443
[2014-10-07T09:21:48.262Z] [7] Start successful
[2014-10-07T09:21:48.263Z] [3] Listening on port: port 4080
[2014-10-07T09:21:48.264Z] [5] Listening on port: port 4080
[2014-10-07T09:21:48.269Z] [2] Listening on port: port 40443
[2014-10-07T09:21:48.269Z] [2] Start successful
[2014-10-07T09:21:48.269Z] [5] Listening on port: port 40443
[2014-10-07T09:21:48.270Z] [5] Start successful
[2014-10-07T09:21:48.270Z] [3] Listening on port: port 40443
[2014-10-07T09:21:48.270Z] [3] Start successful
[2014-10-07T09:21:48.271Z] [4] Listening on port: port 4080
[2014-10-07T09:21:48.273Z] [4] Listening on port: port 40443
[2014-10-07T09:21:48.273Z] [4] Start successful
[2014-10-07T09:21:48.273Z] [8] Listening on port: port 4080
[2014-10-07T09:21:48.275Z] [8] Listening on port: port 40443
[2014-10-07T09:21:48.275Z] [8] Start successful
[2014-10-07T09:21:48.275Z] All workers started in 230ms
[2014-10-07T09:21:49.378Z] [3] Listening on port: port 4080
[2014-10-07T09:21:49.380Z] [3] Listening on port: port 40443
[2014-10-07T09:21:49.380Z] [3] Start successful
[2014-10-07T09:21:49.384Z] [1] Listening on port: port 4080
[2014-10-07T09:21:49.386Z] [1] Listening on port: port 40443
[2014-10-07T09:21:49.387Z] [1] Start successful
[2014-10-07T09:21:49.396Z] [6] Listening on port: port 4080
[2014-10-07T09:21:49.398Z] [5] Listening on port: port 4080
[2014-10-07T09:21:49.399Z] [6] Listening on port: port 40443
[2014-10-07T09:21:49.399Z] [6] Start successful
[2014-10-07T09:21:49.399Z] [5] Listening on port: port 40443
[2014-10-07T09:21:49.400Z] [5] Start successful
[2014-10-07T09:21:49.402Z] [2] Listening on port: port 4080
[2014-10-07T09:21:49.404Z] [2] Listening on port: port 40443
[2014-10-07T09:21:49.405Z] [2] Start successful
[2014-10-07T09:21:49.411Z] [4] Listening on port: port 4080
[2014-10-07T09:21:49.413Z] [4] Listening on port: port 40443
[2014-10-07T09:21:49.413Z] [4] Start successful
[2014-10-07T09:21:49.436Z] [8] Listening on port: port 4080
[2014-10-07T09:21:49.437Z] [8] Listening on port: port 40443
[2014-10-07T09:21:49.437Z] [8] Start successful
[2014-10-07T09:21:49.466Z] [7] Listening on port: port 4080
[2014-10-07T09:21:49.468Z] [7] Listening on port: port 40443
[2014-10-07T09:21:49.468Z] [7] Start successful
[2014-10-07T09:21:49.468Z] All workers started in 292ms
[2014-10-07T09:21:50.422Z] [2] Listening on port: port 4080
[2014-10-07T09:21:50.423Z] [1] Listening on port: port 4080
[2014-10-07T09:21:50.424Z] [2] Listening on port: port 40443
[2014-10-07T09:21:50.424Z] [2] Start successful
[2014-10-07T09:21:50.424Z] [1] Listening on port: port 40443
[2014-10-07T09:21:50.424Z] [1] Start successful
[2014-10-07T09:21:50.433Z] [3] Listening on port: port 4080
[2014-10-07T09:21:50.434Z] [3] Listening on port: port 40443
[2014-10-07T09:21:50.434Z] [3] Start successful
[2014-10-07T09:21:50.434Z] [5] Listening on port: port 4080
[2014-10-07T09:21:50.435Z] [4] Listening on port: port 4080
[2014-10-07T09:21:50.437Z] [5] Listening on port: port 40443
[2014-10-07T09:21:50.437Z] [5] Start successful
[2014-10-07T09:21:50.437Z] [4] Listening on port: port 40443
[2014-10-07T09:21:50.437Z] [4] Start successful
[2014-10-07T09:21:50.440Z] [7] Listening on port: port 4080
[2014-10-07T09:21:50.442Z] [7] Listening on port: port 40443
[2014-10-07T09:21:50.442Z] [7] Start successful
[2014-10-07T09:21:50.444Z] [6] Listening on port: port 4080
[2014-10-07T09:21:50.447Z] [6] Listening on port: port 40443
[2014-10-07T09:21:50.447Z] [6] Start successful
[2014-10-07T09:21:50.452Z] [8] Listening on port: port 4080
[2014-10-07T09:21:50.453Z] [8] Listening on port: port 40443
[2014-10-07T09:21:50.454Z] [8] Start successful
[2014-10-07T09:21:50.454Z] All workers started in 236ms
[2014-10-07T09:21:51.421Z] [2] Listening on port: port 4080
[2014-10-07T09:21:51.423Z] [2] Listening on port: port 40443
[2014-10-07T09:21:51.423Z] [2] Start successful
[2014-10-07T09:21:51.423Z] [6] Listening on port: port 4080
[2014-10-07T09:21:51.425Z] [6] Listening on port: port 40443
[2014-10-07T09:21:51.425Z] [6] Start successful
[2014-10-07T09:21:51.426Z] [5] Listening on port: port 4080
[2014-10-07T09:21:51.427Z] [4] Listening on port: port 4080
[2014-10-07T09:21:51.427Z] [1] Listening on port: port 4080
[2014-10-07T09:21:51.428Z] [5] Listening on port: port 40443
[2014-10-07T09:21:51.428Z] [5] Start successful
[2014-10-07T09:21:51.429Z] [4] Listening on port: port 40443
[2014-10-07T09:21:51.429Z] [4] Start successful
[2014-10-07T09:21:51.429Z] [3] Listening on port: port 4080
[2014-10-07T09:21:51.429Z] [1] Listening on port: port 40443
[2014-10-07T09:21:51.430Z] [1] Start successful
[2014-10-07T09:21:51.431Z] [3] Listening on port: port 40443
[2014-10-07T09:21:51.431Z] [3] Start successful
[2014-10-07T09:21:51.433Z] [8] Listening on port: port 4080
[2014-10-07T09:21:51.434Z] [7] Listening on port: port 4080
[2014-10-07T09:21:51.434Z] [8] Listening on port: port 40443
[2014-10-07T09:21:51.434Z] [8] Start successful
[2014-10-07T09:21:51.436Z] [7] Listening on port: port 40443
[2014-10-07T09:21:51.436Z] [7] Start successful
[2014-10-07T09:21:51.436Z] All workers started in 224ms
[2014-10-07T09:21:52.400Z] [1] Listening on port: port 4080
[2014-10-07T09:21:52.401Z] [1] Listening on port: port 40443
[2014-10-07T09:21:52.402Z] [1] Start successful
[2014-10-07T09:21:52.411Z] [3] Listening on port: port 4080
[2014-10-07T09:21:52.412Z] [2] Listening on port: port 4080
[2014-10-07T09:21:52.414Z] [3] Listening on port: port 40443
[2014-10-07T09:21:52.414Z] [3] Start successful
[2014-10-07T09:21:52.414Z] [2] Listening on port: port 40443
[2014-10-07T09:21:52.415Z] [2] Start successful
[2014-10-07T09:21:52.415Z] [7] Listening on port: port 4080
[2014-10-07T09:21:52.417Z] [7] Listening on port: port 40443
[2014-10-07T09:21:52.417Z] [7] Start successful
[2014-10-07T09:21:52.420Z] [8] Listening on port: port 4080
[2014-10-07T09:21:52.430Z] [8] Listening on port: port 40443
[2014-10-07T09:21:52.430Z] [8] Start successful
[2014-10-07T09:21:52.436Z] [4] Listening on port: port 4080
[2014-10-07T09:21:52.438Z] [4] Listening on port: port 40443
[2014-10-07T09:21:52.438Z] [4] Start successful
[2014-10-07T09:21:52.450Z] [5] Listening on port: port 4080
[2014-10-07T09:21:52.452Z] [5] Listening on port: port 40443
[2014-10-07T09:21:52.452Z] [5] Start successful
[2014-10-07T09:21:52.482Z] [6] Listening on port: port 4080
[2014-10-07T09:21:52.483Z] [6] Listening on port: port 40443
[2014-10-07T09:21:52.483Z] [6] Start successful
[2014-10-07T09:21:52.483Z] All workers started in 284ms
[2014-10-07T09:21:53.385Z] [7] Listening on port: port 4080
[2014-10-07T09:21:53.387Z] [4] Listening on port: port 4080
[2014-10-07T09:21:53.388Z] [7] Listening on port: port 40443
[2014-10-07T09:21:53.388Z] [7] Start successful
[2014-10-07T09:21:53.388Z] [4] Listening on port: port 40443
[2014-10-07T09:21:53.388Z] [4] Start successful
[2014-10-07T09:21:53.389Z] [2] Listening on port: port 4080
[2014-10-07T09:21:53.391Z] [2] Listening on port: port 40443
[2014-10-07T09:21:53.391Z] [2] Start successful
[2014-10-07T09:21:53.394Z] [3] Listening on port: port 4080
[2014-10-07T09:21:53.395Z] [3] Listening on port: port 40443
[2014-10-07T09:21:53.395Z] [3] Start successful
[2014-10-07T09:21:53.396Z] [5] Listening on port: port 4080
[2014-10-07T09:21:53.399Z] [5] Listening on port: port 40443
[2014-10-07T09:21:53.399Z] [5] Start successful
[2014-10-07T09:21:53.402Z] [6] Listening on port: port 4080
[2014-10-07T09:21:53.404Z] [6] Listening on port: port 40443
[2014-10-07T09:21:53.404Z] [6] Start successful
[2014-10-07T09:21:53.424Z] [1] Listening on port: port 4080
[2014-10-07T09:21:53.426Z] [1] Listening on port: port 40443
[2014-10-07T09:21:53.426Z] [1] Start successful
[2014-10-07T09:21:53.442Z] [8] Listening on port: port 4080
[2014-10-07T09:21:53.444Z] [8] Listening on port: port 40443
[2014-10-07T09:21:53.444Z] [8] Start successful
[2014-10-07T09:21:53.444Z] All workers started in 271ms
[2014-10-07T09:23:00.174Z] [2] [Uncaught exception] TypeError: undefined is not a function
    at process.<anonymous> (/home/rush/Programowanie/http-master/worker.js:121:10)
    at process.emit (events.js:107:17)
    at process.<anonymous> (/home/rush/Programowanie/http-master/worker.js:88:11)
    at process.emit (events.js:129:20)
    at handleMessage (child_process.js:323:10)
    at Pipe.channel.onread (child_process.js:351:11)
[2014-10-07T09:23:00.178Z] Worker 2 failed with code 1/null ... starting replacement
[2014-10-07T09:23:00.188Z] Worker 1 failed with code 1/null ... starting replacement
[2014-10-07T09:23:00.193Z] [1] [Uncaught exception] TypeError: undefined is not a function
    at process.<anonymous> (/home/rush/Programowanie/http-master/worker.js:121:10)
    at process.emit (events.js:107:17)
    at process.<anonymous> (/home/rush/Programowanie/http-master/worker.js:88:11)
    at process.emit (events.js:129:20)
    at handleMessage (child_process.js:323:10)
    at Pipe.channel.onread (child_process.js:351:11)
[2014-10-07T09:23:00.193Z] Worker 3 failed with code 1/null ... starting replacement
[2014-10-07T09:23:00.204Z] [3] [Uncaught exception] TypeError: undefined is not a function
    at process.<anonymous> (/home/rush/Programowanie/http-master/worker.js:121:10)
    at process.emit (events.js:107:17)
    at process.<anonymous> (/home/rush/Programowanie/http-master/worker.js:88:11)
    at process.emit (events.js:129:20)
    at handleMessage (child_process.js:323:10)
    at Pipe.channel.onread (child_process.js:351:11)
[2014-10-07T09:23:00.204Z] Worker 6 failed with code 1/null ... starting replacement
[2014-10-07T09:23:00.207Z] Worker 7 failed with code 1/null ... starting replacement
[2014-10-07T09:23:00.208Z] Worker 4 failed with code 1/null ... starting replacement
[2014-10-07T09:23:00.212Z] Worker 5 failed with code 1/null ... starting replacement
[2014-10-07T09:23:00.215Z] Worker 8 failed with code 1/null ... starting replacement
[2014-10-07T09:23:00.253Z] [6] [Uncaught exception] TypeError: undefined is not a function
    at process.<anonymous> (/home/rush/Programowanie/http-master/worker.js:121:10)
    at process.emit (events.js:107:17)
    at process.<anonymous> (/home/rush/Programowanie/http-master/worker.js:88:11)
    at process.emit (events.js:129:20)
    at handleMessage (child_process.js:323:10)
    at Pipe.channel.onread (child_process.js:351:11)
[2014-10-07T09:23:00.253Z] [7] [Uncaught exception] TypeError: undefined is not a function
    at process.<anonymous> (/home/rush/Programowanie/http-master/worker.js:121:10)
    at process.emit (events.js:107:17)
    at process.<anonymous> (/home/rush/Programowanie/http-master/worker.js:88:11)
    at process.emit (events.js:129:20)
    at handleMessage (child_process.js:323:10)
    at Pipe.channel.onread (child_process.js:351:11)
[2014-10-07T09:23:00.253Z] [4] [Uncaught exception] TypeError: undefined is not a function
    at process.<anonymous> (/home/rush/Programowanie/http-master/worker.js:121:10)
    at process.emit (events.js:107:17)
    at process.<anonymous> (/home/rush/Programowanie/http-master/worker.js:88:11)
    at process.emit (events.js:129:20)
    at handleMessage (child_process.js:323:10)
    at Pipe.channel.onread (child_process.js:351:11)
[2014-10-07T09:23:00.253Z] [5] [Uncaught exception] TypeError: undefined is not a function
    at process.<anonymous> (/home/rush/Programowanie/http-master/worker.js:121:10)
    at process.emit (events.js:107:17)
    at process.<anonymous> (/home/rush/Programowanie/http-master/worker.js:88:11)
    at process.emit (events.js:129:20)
    at handleMessage (child_process.js:323:10)
    at Pipe.channel.onread (child_process.js:351:11)
[2014-10-07T09:23:00.254Z] [8] [Uncaught exception] TypeError: undefined is not a function
    at process.<anonymous> (/home/rush/Programowanie/http-master/worker.js:121:10)
    at process.emit (events.js:107:17)
    at process.<anonymous> (/home/rush/Programowanie/http-master/worker.js:88:11)
    at process.emit (events.js:129:20)
    at handleMessage (child_process.js:323:10)
    at Pipe.channel.onread (child_process.js:351:11)
[2014-10-07T09:23:00.325Z] Worker 10 failed with code 1/null ... starting replacement
[2014-10-07T09:23:00.327Z] Worker 12 failed with code 1/null ... starting replacement
[2014-10-07T09:23:00.338Z] Worker 15 failed with code 1/null ... starting replacement
[2014-10-07T09:23:00.350Z] Worker 11 failed with code 1/null ... starting replacement
[2014-10-07T09:23:00.356Z] Worker 14 failed with code 1/null ... starting replacement
[2014-10-07T09:23:00.362Z] Worker 9 failed with code 1/null ... starting replacement
[2014-10-07T09:23:00.374Z] Worker 13 failed with code 1/null ... starting replacement
[2014-10-07T09:23:00.391Z] Worker 16 failed with code 1/null ... starting replacement
[2014-10-07T09:23:00.460Z] Worker 18 failed with code 1/null ... starting replacement
[2014-10-07T09:23:00.486Z] Worker 19 failed with code 1/null ... starting replacement
[2014-10-07T09:23:00.497Z] Worker 21 failed with code 1/null ... starting replacement
[2014-10-07T09:23:00.499Z] Worker 17 failed with code 1/null ... starting replacement
[2014-10-07T09:23:00.501Z] Worker 20 failed with code 1/null ... starting replacement
[2014-10-07T09:23:00.526Z] Worker 22 failed with code 1/null ... starting replacement
[2014-10-07T09:23:00.529Z] Worker 24 failed with code 1/null ... starting replacement
[2014-10-07T09:23:00.558Z] Worker 23 failed with code 1/null ... starting replacement
[2014-10-07T09:23:00.591Z] Worker 25 failed with code 1/null ... starting replacement
[2014-10-07T09:23:00.624Z] Worker 26 failed with code 1/null ... starting replacement
[2014-10-07T09:23:00.631Z] Worker 27 failed with code 1/null ... starting replacement
[2014-10-07T09:23:00.656Z] Worker 29 failed with code 1/null ... starting replacement
[2014-10-07T09:23:00.666Z] Worker 30 failed with code 1/null ... starting replacement
[2014-10-07T09:23:00.686Z] Worker 31 failed with code 1/null ... starting replacement
[2014-10-07T09:23:00.702Z] Worker 28 failed with code 1/null ... starting replacement
[2014-10-07T09:23:00.736Z] Worker 33 failed with code 1/null ... starting replacement
[2014-10-07T09:23:00.743Z] Worker 32 failed with code 1/null ... starting replacement
[2014-10-07T09:23:00.779Z] Worker 34 failed with code 1/null ... starting replacement
[2014-10-07T09:23:00.783Z] Worker 35 failed with code 1/null ... starting replacement
[2014-10-07T09:23:00.793Z] Worker 36 failed with code 1/null ... starting replacement
[2014-10-07T09:23:00.828Z] Worker 37 failed with code 1/null ... starting replacement
[2014-10-07T09:23:00.839Z] Worker 38 failed with code 1/null ... starting replacement
[2014-10-07T09:23:00.851Z] Worker 39 failed with code 1/null ... starting replacement
[2014-10-07T09:23:00.871Z] Worker 40 failed with code 1/null ... starting replacement
[2014-10-07T09:23:00.899Z] Worker 41 failed with code 1/null ... starting replacement
[2014-10-07T09:23:00.918Z] Worker 42 failed with code 1/null ... starting replacement
[2014-10-07T09:23:00.920Z] Worker 43 failed with code 1/null ... starting replacement
[2014-10-07T09:23:00.928Z] Worker 44 failed with code 1/null ... starting replacement
[2014-10-07T09:23:00.958Z] Worker 45 failed with code 1/null ... starting replacement
[2014-10-07T09:23:00.983Z] Worker 46 failed with code 1/null ... starting replacement
[2014-10-07T09:23:00.991Z] Worker 47 failed with code 1/null ... starting replacement
[2014-10-07T09:23:01.002Z] Worker 48 failed with code 1/null ... starting replacement
[2014-10-07T09:23:35.094Z] [1] [Uncaught exception] TypeError: undefined is not a function
    at process.<anonymous> (/home/rush/Programowanie/http-master/worker.js:121:10)
    at process.emit (events.js:107:17)
    at process.<anonymous> (/home/rush/Programowanie/http-master/worker.js:88:11)
    at process.emit (events.js:129:20)
    at handleMessage (child_process.js:323:10)
    at Pipe.channel.onread (child_process.js:351:11)
[2014-10-07T09:23:35.096Z] [2] [Uncaught exception] TypeError: undefined is not a function
    at process.<anonymous> (/home/rush/Programowanie/http-master/worker.js:121:10)
    at process.emit (events.js:107:17)
    at process.<anonymous> (/home/rush/Programowanie/http-master/worker.js:88:11)
    at process.emit (events.js:129:20)
    at handleMessage (child_process.js:323:10)
    at Pipe.channel.onread (child_process.js:351:11)
[2014-10-07T09:23:35.097Z] Worker 2 failed with code 1/null ... starting replacement
[2014-10-07T09:23:35.101Z] Worker 1 failed with code 1/null ... starting replacement
[2014-10-07T09:23:35.102Z] Worker 3 failed with code 1/null ... starting replacement
[2014-10-07T09:23:35.107Z] Worker 4 failed with code 1/null ... starting replacement
[2014-10-07T09:23:35.112Z] Worker 5 failed with code 1/null ... starting replacement
[2014-10-07T09:23:35.113Z] Worker 7 failed with code 1/null ... starting replacement
[2014-10-07T09:23:35.129Z] [4] [Uncaught exception] TypeError: undefined is not a function
    at process.<anonymous> (/home/rush/Programowanie/http-master/worker.js:121:10)
    at process.emit (events.js:107:17)
    at process.<anonymous> (/home/rush/Programowanie/http-master/worker.js:88:11)
    at process.emit (events.js:129:20)
    at handleMessage (child_process.js:323:10)
    at Pipe.channel.onread (child_process.js:351:11)
[2014-10-07T09:23:35.129Z] [3] [Uncaught exception] TypeError: undefined is not a function
    at process.<anonymous> (/home/rush/Programowanie/http-master/worker.js:121:10)
    at process.emit (events.js:107:17)
    at process.<anonymous> (/home/rush/Programowanie/http-master/worker.js:88:11)
    at process.emit (events.js:129:20)
    at handleMessage (child_process.js:323:10)
    at Pipe.channel.onread (child_process.js:351:11)
[2014-10-07T09:23:35.130Z] [5] [Uncaught exception] TypeError: undefined is not a function
    at process.<anonymous> (/home/rush/Programowanie/http-master/worker.js:121:10)
    at process.emit (events.js:107:17)
    at process.<anonymous> (/home/rush/Programowanie/http-master/worker.js:88:11)
    at process.emit (events.js:129:20)
    at handleMessage (child_process.js:323:10)
    at Pipe.channel.onread (child_process.js:351:11)
[2014-10-07T09:23:35.130Z] [7] [Uncaught exception] TypeError: undefined is not a function
    at process.<anonymous> (/home/rush/Programowanie/http-master/worker.js:121:10)
    at process.emit (events.js:107:17)
    at process.<anonymous> (/home/rush/Programowanie/http-master/worker.js:88:11)
    at process.emit (events.js:129:20)
    at handleMessage (child_process.js:323:10)
    at Pipe.channel.onread (child_process.js:351:11)
[2014-10-07T09:23:35.133Z] [6] [Uncaught exception] TypeError: undefined is not a function
    at process.<anonymous> (/home/rush/Programowanie/http-master/worker.js:121:10)
    at process.emit (events.js:107:17)
    at process.<anonymous> (/home/rush/Programowanie/http-master/worker.js:88:11)
    at process.emit (events.js:129:20)
    at handleMessage (child_process.js:323:10)
    at Pipe.channel.onread (child_process.js:351:11)
[2014-10-07T09:23:35.135Z] Worker 6 failed with code 1/null ... starting replacement
[2014-10-07T09:23:35.181Z] [8] [Uncaught exception] TypeError: undefined is not a function
    at process.<anonymous> (/home/rush/Programowanie/http-master/worker.js:121:10)
    at process.emit (events.js:107:17)
    at process.<anonymous> (/home/rush/Programowanie/http-master/worker.js:88:11)
    at process.emit (events.js:129:20)
    at handleMessage (child_process.js:323:10)
    at Pipe.channel.onread (child_process.js:351:11)
[2014-10-07T09:23:35.182Z] Worker 8 failed with code 1/null ... starting replacement
[2014-10-07T09:23:35.240Z] Worker 11 failed with code 1/null ... starting replacement
[2014-10-07T09:23:35.243Z] Worker 10 failed with code 1/null ... starting replacement
[2014-10-07T09:23:35.245Z] Worker 12 failed with code 1/null ... starting replacement
[2014-10-07T09:23:35.263Z] Worker 13 failed with code 1/null ... starting replacement
[2014-10-07T09:23:35.272Z] Worker 15 failed with code 1/null ... starting replacement
[2014-10-07T09:23:35.280Z] Worker 9 failed with code 1/null ... starting replacement
[2014-10-07T09:23:35.329Z] Worker 14 failed with code 1/null ... starting replacement
[2014-10-07T09:23:35.349Z] Worker 16 failed with code 1/null ... starting replacement
[2014-10-07T09:23:35.352Z] Worker 17 failed with code 1/null ... starting replacement
[2014-10-07T09:23:35.381Z] Worker 20 failed with code 1/null ... starting replacement
[2014-10-07T09:23:35.385Z] Worker 18 failed with code 1/null ... starting replacement
[2014-10-07T09:23:35.399Z] Worker 19 failed with code 1/null ... starting replacement
[2014-10-07T09:23:35.406Z] Worker 21 failed with code 1/null ... starting replacement
[2014-10-07T09:23:35.431Z] Worker 22 failed with code 1/null ... starting replacement
[2014-10-07T09:23:35.477Z] Worker 25 failed with code 1/null ... starting replacement
[2014-10-07T09:23:35.482Z] Worker 23 failed with code 1/null ... starting replacement
[2014-10-07T09:23:35.491Z] Worker 24 failed with code 1/null ... starting replacement
[2014-10-07T09:23:35.505Z] Worker 26 failed with code 1/null ... starting replacement
[2014-10-07T09:23:35.542Z] Worker 28 failed with code 1/null ... starting replacement
[2014-10-07T09:23:35.545Z] Worker 27 failed with code 1/null ... starting replacement
[2014-10-07T09:23:35.550Z] Worker 29 failed with code 1/null ... starting replacement
[2014-10-07T09:23:35.573Z] Worker 30 failed with code 1/null ... starting replacement
[2014-10-07T09:23:35.620Z] Worker 32 failed with code 1/null ... starting replacement
[2014-10-07T09:23:35.622Z] Worker 31 failed with code 1/null ... starting replacement
[2014-10-07T09:23:35.642Z] Worker 34 failed with code 1/null ... starting replacement
[2014-10-07T09:23:35.668Z] Worker 33 failed with code 1/null ... starting replacement
[2014-10-07T09:23:35.681Z] Worker 35 failed with code 1/null ... starting replacement
[2014-10-07T09:23:35.686Z] Worker 36 failed with code 1/null ... starting replacement
[2014-10-07T09:23:35.697Z] Worker 38 failed with code 1/null ... starting replacement
[2014-10-07T09:23:35.701Z] Worker 37 failed with code 1/null ... starting replacement
[2014-10-07T09:23:35.750Z] Worker 40 failed with code 1/null ... starting replacement
[2014-10-07T09:23:35.775Z] Worker 39 failed with code 1/null ... starting replacement
[2014-10-07T09:24:13.685Z] [2] Listening on port: port 4080
[2014-10-07T09:24:13.686Z] [2] Listening on port: port 40443
[2014-10-07T09:24:13.687Z] [2] Start successful
[2014-10-07T09:24:13.709Z] [7] Listening on port: port 4080
[2014-10-07T09:24:13.711Z] [7] Listening on port: port 40443
[2014-10-07T09:24:13.711Z] [7] Start successful
[2014-10-07T09:24:13.716Z] [6] Listening on port: port 4080
[2014-10-07T09:24:13.719Z] [6] Listening on port: port 40443
[2014-10-07T09:24:13.719Z] [6] Start successful
[2014-10-07T09:24:13.720Z] [5] Listening on port: port 4080
[2014-10-07T09:24:13.721Z] [4] Listening on port: port 4080
[2014-10-07T09:24:13.722Z] [5] Listening on port: port 40443
[2014-10-07T09:24:13.722Z] [5] Start successful
[2014-10-07T09:24:13.723Z] [4] Listening on port: port 40443
[2014-10-07T09:24:13.723Z] [4] Start successful
[2014-10-07T09:24:13.736Z] [1] Listening on port: port 4080
[2014-10-07T09:24:13.739Z] [1] Listening on port: port 40443
[2014-10-07T09:24:13.739Z] [1] Start successful
[2014-10-07T09:24:13.739Z] [3] Listening on port: port 4080
[2014-10-07T09:24:13.740Z] [3] Listening on port: port 40443
[2014-10-07T09:24:13.740Z] [3] Start successful
[2014-10-07T09:24:13.761Z] [8] Listening on port: port 4080
[2014-10-07T09:24:13.761Z] [8] Listening on port: port 40443
[2014-10-07T09:24:13.761Z] [8] Start successful
[2014-10-07T09:24:13.762Z] All workers started in 260ms
[2014-10-07T09:24:16.292Z] [1] Listening on port: port 4080
[2014-10-07T09:24:16.294Z] [1] Listening on port: port 40443
[2014-10-07T09:24:16.294Z] [1] Start successful
[2014-10-07T09:24:16.300Z] [2] Listening on port: port 4080
[2014-10-07T09:24:16.301Z] [6] Listening on port: port 4080
[2014-10-07T09:24:16.302Z] [2] Listening on port: port 40443
[2014-10-07T09:24:16.302Z] [2] Start successful
[2014-10-07T09:24:16.304Z] [6] Listening on port: port 40443
[2014-10-07T09:24:16.305Z] [6] Start successful
[2014-10-07T09:24:16.306Z] [7] Listening on port: port 4080
[2014-10-07T09:24:16.306Z] [4] Listening on port: port 4080
[2014-10-07T09:24:16.308Z] [4] Listening on port: port 40443
[2014-10-07T09:24:16.308Z] [4] Start successful
[2014-10-07T09:24:16.308Z] [7] Listening on port: port 40443
[2014-10-07T09:24:16.308Z] [7] Start successful
[2014-10-07T09:24:16.313Z] [5] Listening on port: port 4080
[2014-10-07T09:24:16.315Z] [5] Listening on port: port 40443
[2014-10-07T09:24:16.315Z] [5] Start successful
[2014-10-07T09:24:16.319Z] [8] Listening on port: port 4080
[2014-10-07T09:24:16.320Z] [8] Listening on port: port 40443
[2014-10-07T09:24:16.320Z] [8] Start successful
[2014-10-07T09:24:16.329Z] [3] Listening on port: port 4080
[2014-10-07T09:24:16.330Z] [3] Listening on port: port 40443
[2014-10-07T09:24:16.330Z] [3] Start successful
[2014-10-07T09:24:16.330Z] All workers started in 241ms
[2014-10-07T09:24:26.907Z] MISSED MSG [object Object]
[2014-10-07T09:24:26.909Z] MISSED MSG [object Object]
[2014-10-07T09:24:26.909Z] MISSED MSG [object Object]
[2014-10-07T09:24:26.911Z] MISSED MSG [object Object]
[2014-10-07T09:24:26.913Z] MISSED MSG [object Object]
[2014-10-07T09:24:26.924Z] MISSED MSG [object Object]
[2014-10-07T09:24:26.949Z] MISSED MSG [object Object]
[2014-10-07T09:24:26.975Z] [2] Listening on port: port 4080
[2014-10-07T09:24:26.977Z] [2] Listening on port: port 40443
[2014-10-07T09:24:26.978Z] [2] Start successful
[2014-10-07T09:24:26.978Z] [6] Listening on port: port 4080
[2014-10-07T09:24:26.980Z] [6] Listening on port: port 40443
[2014-10-07T09:24:26.981Z] [6] Start successful
[2014-10-07T09:24:26.985Z] [5] Listening on port: port 4080
[2014-10-07T09:24:26.987Z] [5] Listening on port: port 40443
[2014-10-07T09:24:26.987Z] [5] Start successful
[2014-10-07T09:24:26.988Z] [4] Listening on port: port 4080
[2014-10-07T09:24:26.991Z] [4] Listening on port: port 40443
[2014-10-07T09:24:26.991Z] [4] Start successful
[2014-10-07T09:24:26.991Z] [1] Listening on port: port 4080
[2014-10-07T09:24:26.992Z] [1] Listening on port: port 40443
[2014-10-07T09:24:26.992Z] [1] Start successful
[2014-10-07T09:24:27.002Z] [3] Listening on port: port 4080
[2014-10-07T09:24:27.004Z] [3] Listening on port: port 40443
[2014-10-07T09:24:27.004Z] [3] Start successful
[2014-10-07T09:24:27.015Z] MISSED MSG [object Object]
[2014-10-07T09:24:27.022Z] [8] Listening on port: port 4080
[2014-10-07T09:24:27.023Z] [8] Listening on port: port 40443
[2014-10-07T09:24:27.023Z] [8] Start successful
[2014-10-07T09:24:27.054Z] [7] Listening on port: port 4080
[2014-10-07T09:24:27.055Z] [7] Listening on port: port 40443
[2014-10-07T09:24:27.055Z] [7] Start successful
[2014-10-07T09:24:27.056Z] All workers started in 294ms
[2014-10-07T09:24:38.420Z] MISSED MSG {"type":"start","data":{"config":{"ports":{"4080":["log -> combined",{"redirect":{"*.code2flow.com/^(?<code>[a-f]{6})":"http://code2flow.com/[code]"},"errorHtmlPage":"/home/rush/Programowanie/rush-http-proxy/test.html","router":{"local.code2flow.com":80,"local.code2flow.com/test/*":"localhost:80/[rest]","local.code2flow.com/test2/*":"localhost:81/[rest]","imagoartdesign.pl":"127.0.0.1:3000","www.imagoartdesign.pl":"127.0.0.1:3000","traceroute6.rushbase.net":"127.0.0.1:3001","rtsolutions.pl":"127.0.0.1:3002","www.rtsolutions.pl":"127.0.0.1:3002","webflow.rushbase.net":"127.0.0.1:3010","resizer.rushbase.net":"127.0.0.1:3009","test.rtsolutions.pl":"127.0.0.1:6060","termi.rushbase.net":"127.0.0.1:7080","test2.code2flow.*":"127.0.0.1:8099","confluence.code2flow.*":"127.0.0.1:10000","test.code2flow.*":"127.0.0.1:8091","www.code2flow.*":"127.0.0.1:8091","code2flow.*":"127.0.0.1:8091","test.qrfaktura.*":"127.0.0.1:8092","test.znajdzdoktora.pl":"127.0.0.1:12000","api.znajdzdoktora.pl":"127.0.0.1:12001","agn.rushbase.net":"127.0.0.1:8095","rss.rushbase.net":"127.0.0.1:8096","*":"4000/test/[path]"},"static":{},"gzip":true}],"40443":{"router":["log -> test.log",{"local.code2flow.com/ddd":"websockify -> 22","local.code2flow.com":80}],"ssl":{"key":"-----BEGIN RSA PRIVATE KEY-----\nMIICXQIBAAKBgQChmEZ7tgXWNkfH5aijyyAljv+zaEVRh+CmQWNbgRf1WF8gNlU+\nTu+OtZreqAN+9gSLRsjcXWzBL0AUXC4l07niheQ/imLt9G1npugPwMcWL56lOLT/\nrobFzbhjUE6fItLwQzP51Me0Bnj9SnWugvd+jwjbe8GxjyjzcgAjTG56bQIDAQAB\nAoGAd19C6g5731N30T5hRqY+GCC72a90TZc/p/Fz0Vva8/4VP3mDnSS4qMaVIlgh\nRP++OZjPtqI5PbiG8MNrv7vZe0UXlV7oZE0IA+jomUXsplbwMFf6pkrqdyHi+cbm\nrBudhmKeLUgNA6peMGVA83C5g2SMqU5kB+tWzZT7Rs9rsyECQQDWpXxZgULqbFZv\nwjpIDGWjOpQZrv123bJ9TQ+VoskCu4vlyDJqDJPwnscl8NnzpFJriDARn0WrB2sd\n8GCX1yEpAkEAwLo/MYG5elkNRsE5/vINSIo04Gu6tP/Sd7EBtHYAPHUPjs/MhhVX\ntMIGtACheHMwjGRPyr8pboEp2LEap4GjpQJBALNsy+CJ0+TfwPVU96EIc+GZcvlx\nNMErGyvwwclEtSDKo2vmCHZrozLtlu1ZQueOgbMPuZbRe8w2vEzfhe8HTtkCQAYy\nNrPlwsvPLyEWN0IeEBVD9D0+2WrWSrL0auSdYpaPAOgLgDzTVNWH42VIG+jeczIg\nS3xuNuvJlUnVL9Ew1s0CQQCly+gduXtvOYip1/Stm/65kT7d8ICQgjh0XSPw/kUC\nllVMQY3z1iFCaj/z0Csr0t0kJ534bH7GP3LOoNruV0p9\n-----END RSA PRIVATE KEY-----\n","cert":"-----BEGIN CERTIFICATE-----\nMIICcTCCAdoCCQDTgzSLdDTF0TANBgkqhkiG9w0BAQUFADB9MQswCQYDVQQGEwJV\nUzELMAkGA1UECBMCQ0ExCzAJBgNVBAcTAlNGMQ8wDQYDVQQKEwZKb3llbnQxEDAO\nBgNVBAsTB05vZGUuanMxDzANBgNVBAMTBmFnZW50MjEgMB4GCSqGSIb3DQEJARYR\ncnlAdGlueWNsb3Vkcy5vcmcwHhcNMTMwODAxMTExOTAwWhcNNDAxMjE2MTExOTAw\nWjB9MQswCQYDVQQGEwJVUzELMAkGA1UECBMCQ0ExCzAJBgNVBAcTAlNGMQ8wDQYD\nVQQKEwZKb3llbnQxEDAOBgNVBAsTB05vZGUuanMxDzANBgNVBAMTBmFnZW50MjEg\nMB4GCSqGSIb3DQEJARYRcnlAdGlueWNsb3Vkcy5vcmcwgZ8wDQYJKoZIhvcNAQEB\nBQADgY0AMIGJAoGBAKGYRnu2BdY2R8flqKPLICWO/7NoRVGH4KZBY1uBF/VYXyA2\nVT5O7461mt6oA372BItGyNxdbMEvQBRcLiXTueKF5D+KYu30bWem6A/AxxYvnqU4\ntP+uhsXNuGNQTp8i0vBDM/nUx7QGeP1Kda6C936PCNt7wbGPKPNyACNMbnptAgMB\nAAEwDQYJKoZIhvcNAQEFBQADgYEATzjDAPocPA2Jm8wrLBW+fOC478wMo9gT3Y3N\nZU6fnF2dEPFLNETCMtDxnKhi4hnBpaiZ0fu0oaR1cSDRIVtlyW4azNjny4495C0F\nJLuP5P5pz+rJe+ImKw+mO1ARA9fUAL3VN6/kVXY/EspwWJcLbJ5jdsDmkRbV52hX\nTh4jkAI=\n-----END CERTIFICATE-----\n"}}},"modules":{"appLog":"app.log"},"workerCount":8},"token":"0360a1694566493dcae83e934896b007e2a4ff9ad4a4c80e5a60187f4659b69d8042cca7c6a5f2083af6004c2d778c67"}}
[2014-10-07T09:24:38.428Z] MISSED MSG {"type":"start","data":{"config":{"ports":{"4080":["log -> combined",{"redirect":{"*.code2flow.com/^(?<code>[a-f]{6})":"http://code2flow.com/[code]"},"errorHtmlPage":"/home/rush/Programowanie/rush-http-proxy/test.html","router":{"local.code2flow.com":80,"local.code2flow.com/test/*":"localhost:80/[rest]","local.code2flow.com/test2/*":"localhost:81/[rest]","imagoartdesign.pl":"127.0.0.1:3000","www.imagoartdesign.pl":"127.0.0.1:3000","traceroute6.rushbase.net":"127.0.0.1:3001","rtsolutions.pl":"127.0.0.1:3002","www.rtsolutions.pl":"127.0.0.1:3002","webflow.rushbase.net":"127.0.0.1:3010","resizer.rushbase.net":"127.0.0.1:3009","test.rtsolutions.pl":"127.0.0.1:6060","termi.rushbase.net":"127.0.0.1:7080","test2.code2flow.*":"127.0.0.1:8099","confluence.code2flow.*":"127.0.0.1:10000","test.code2flow.*":"127.0.0.1:8091","www.code2flow.*":"127.0.0.1:8091","code2flow.*":"127.0.0.1:8091","test.qrfaktura.*":"127.0.0.1:8092","test.znajdzdoktora.pl":"127.0.0.1:12000","api.znajdzdoktora.pl":"127.0.0.1:12001","agn.rushbase.net":"127.0.0.1:8095","rss.rushbase.net":"127.0.0.1:8096","*":"4000/test/[path]"},"static":{},"gzip":true}],"40443":{"router":["log -> test.log",{"local.code2flow.com/ddd":"websockify -> 22","local.code2flow.com":80}],"ssl":{"key":"-----BEGIN RSA PRIVATE KEY-----\nMIICXQIBAAKBgQChmEZ7tgXWNkfH5aijyyAljv+zaEVRh+CmQWNbgRf1WF8gNlU+\nTu+OtZreqAN+9gSLRsjcXWzBL0AUXC4l07niheQ/imLt9G1npugPwMcWL56lOLT/\nrobFzbhjUE6fItLwQzP51Me0Bnj9SnWugvd+jwjbe8GxjyjzcgAjTG56bQIDAQAB\nAoGAd19C6g5731N30T5hRqY+GCC72a90TZc/p/Fz0Vva8/4VP3mDnSS4qMaVIlgh\nRP++OZjPtqI5PbiG8MNrv7vZe0UXlV7oZE0IA+jomUXsplbwMFf6pkrqdyHi+cbm\nrBudhmKeLUgNA6peMGVA83C5g2SMqU5kB+tWzZT7Rs9rsyECQQDWpXxZgULqbFZv\nwjpIDGWjOpQZrv123bJ9TQ+VoskCu4vlyDJqDJPwnscl8NnzpFJriDARn0WrB2sd\n8GCX1yEpAkEAwLo/MYG5elkNRsE5/vINSIo04Gu6tP/Sd7EBtHYAPHUPjs/MhhVX\ntMIGtACheHMwjGRPyr8pboEp2LEap4GjpQJBALNsy+CJ0+TfwPVU96EIc+GZcvlx\nNMErGyvwwclEtSDKo2vmCHZrozLtlu1ZQueOgbMPuZbRe8w2vEzfhe8HTtkCQAYy\nNrPlwsvPLyEWN0IeEBVD9D0+2WrWSrL0auSdYpaPAOgLgDzTVNWH42VIG+jeczIg\nS3xuNuvJlUnVL9Ew1s0CQQCly+gduXtvOYip1/Stm/65kT7d8ICQgjh0XSPw/kUC\nllVMQY3z1iFCaj/z0Csr0t0kJ534bH7GP3LOoNruV0p9\n-----END RSA PRIVATE KEY-----\n","cert":"-----BEGIN CERTIFICATE-----\nMIICcTCCAdoCCQDTgzSLdDTF0TANBgkqhkiG9w0BAQUFADB9MQswCQYDVQQGEwJV\nUzELMAkGA1UECBMCQ0ExCzAJBgNVBAcTAlNGMQ8wDQYDVQQKEwZKb3llbnQxEDAO\nBgNVBAsTB05vZGUuanMxDzANBgNVBAMTBmFnZW50MjEgMB4GCSqGSIb3DQEJARYR\ncnlAdGlueWNsb3Vkcy5vcmcwHhcNMTMwODAxMTExOTAwWhcNNDAxMjE2MTExOTAw\nWjB9MQswCQYDVQQGEwJVUzELMAkGA1UECBMCQ0ExCzAJBgNVBAcTAlNGMQ8wDQYD\nVQQKEwZKb3llbnQxEDAOBgNVBAsTB05vZGUuanMxDzANBgNVBAMTBmFnZW50MjEg\nMB4GCSqGSIb3DQEJARYRcnlAdGlueWNsb3Vkcy5vcmcwgZ8wDQYJKoZIhvcNAQEB\nBQADgY0AMIGJAoGBAKGYRnu2BdY2R8flqKPLICWO/7NoRVGH4KZBY1uBF/VYXyA2\nVT5O7461mt6oA372BItGyNxdbMEvQBRcLiXTueKF5D+KYu30bWem6A/AxxYvnqU4\ntP+uhsXNuGNQTp8i0vBDM/nUx7QGeP1Kda6C936PCNt7wbGPKPNyACNMbnptAgMB\nAAEwDQYJKoZIhvcNAQEFBQADgYEATzjDAPocPA2Jm8wrLBW+fOC478wMo9gT3Y3N\nZU6fnF2dEPFLNETCMtDxnKhi4hnBpaiZ0fu0oaR1cSDRIVtlyW4azNjny4495C0F\nJLuP5P5pz+rJe+ImKw+mO1ARA9fUAL3VN6/kVXY/EspwWJcLbJ5jdsDmkRbV52hX\nTh4jkAI=\n-----END CERTIFICATE-----\n"}}},"modules":{"appLog":"app.log"},"workerCount":8},"token":"0360a1694566493dcae83e934896b007e2a4ff9ad4a4c80e5a60187f4659b69d8042cca7c6a5f2083af6004c2d778c67"}}
[2014-10-07T09:24:38.433Z] MISSED MSG {"type":"start","data":{"config":{"ports":{"4080":["log -> combined",{"redirect":{"*.code2flow.com/^(?<code>[a-f]{6})":"http://code2flow.com/[code]"},"errorHtmlPage":"/home/rush/Programowanie/rush-http-proxy/test.html","router":{"local.code2flow.com":80,"local.code2flow.com/test/*":"localhost:80/[rest]","local.code2flow.com/test2/*":"localhost:81/[rest]","imagoartdesign.pl":"127.0.0.1:3000","www.imagoartdesign.pl":"127.0.0.1:3000","traceroute6.rushbase.net":"127.0.0.1:3001","rtsolutions.pl":"127.0.0.1:3002","www.rtsolutions.pl":"127.0.0.1:3002","webflow.rushbase.net":"127.0.0.1:3010","resizer.rushbase.net":"127.0.0.1:3009","test.rtsolutions.pl":"127.0.0.1:6060","termi.rushbase.net":"127.0.0.1:7080","test2.code2flow.*":"127.0.0.1:8099","confluence.code2flow.*":"127.0.0.1:10000","test.code2flow.*":"127.0.0.1:8091","www.code2flow.*":"127.0.0.1:8091","code2flow.*":"127.0.0.1:8091","test.qrfaktura.*":"127.0.0.1:8092","test.znajdzdoktora.pl":"127.0.0.1:12000","api.znajdzdoktora.pl":"127.0.0.1:12001","agn.rushbase.net":"127.0.0.1:8095","rss.rushbase.net":"127.0.0.1:8096","*":"4000/test/[path]"},"static":{},"gzip":true}],"40443":{"router":["log -> test.log",{"local.code2flow.com/ddd":"websockify -> 22","local.code2flow.com":80}],"ssl":{"key":"-----BEGIN RSA PRIVATE KEY-----\nMIICXQIBAAKBgQChmEZ7tgXWNkfH5aijyyAljv+zaEVRh+CmQWNbgRf1WF8gNlU+\nTu+OtZreqAN+9gSLRsjcXWzBL0AUXC4l07niheQ/imLt9G1npugPwMcWL56lOLT/\nrobFzbhjUE6fItLwQzP51Me0Bnj9SnWugvd+jwjbe8GxjyjzcgAjTG56bQIDAQAB\nAoGAd19C6g5731N30T5hRqY+GCC72a90TZc/p/Fz0Vva8/4VP3mDnSS4qMaVIlgh\nRP++OZjPtqI5PbiG8MNrv7vZe0UXlV7oZE0IA+jomUXsplbwMFf6pkrqdyHi+cbm\nrBudhmKeLUgNA6peMGVA83C5g2SMqU5kB+tWzZT7Rs9rsyECQQDWpXxZgULqbFZv\nwjpIDGWjOpQZrv123bJ9TQ+VoskCu4vlyDJqDJPwnscl8NnzpFJriDARn0WrB2sd\n8GCX1yEpAkEAwLo/MYG5elkNRsE5/vINSIo04Gu6tP/Sd7EBtHYAPHUPjs/MhhVX\ntMIGtACheHMwjGRPyr8pboEp2LEap4GjpQJBALNsy+CJ0+TfwPVU96EIc+GZcvlx\nNMErGyvwwclEtSDKo2vmCHZrozLtlu1ZQueOgbMPuZbRe8w2vEzfhe8HTtkCQAYy\nNrPlwsvPLyEWN0IeEBVD9D0+2WrWSrL0auSdYpaPAOgLgDzTVNWH42VIG+jeczIg\nS3xuNuvJlUnVL9Ew1s0CQQCly+gduXtvOYip1/Stm/65kT7d8ICQgjh0XSPw/kUC\nllVMQY3z1iFCaj/z0Csr0t0kJ534bH7GP3LOoNruV0p9\n-----END RSA PRIVATE KEY-----\n","cert":"-----BEGIN CERTIFICATE-----\nMIICcTCCAdoCCQDTgzSLdDTF0TANBgkqhkiG9w0BAQUFADB9MQswCQYDVQQGEwJV\nUzELMAkGA1UECBMCQ0ExCzAJBgNVBAcTAlNGMQ8wDQYDVQQKEwZKb3llbnQxEDAO\nBgNVBAsTB05vZGUuanMxDzANBgNVBAMTBmFnZW50MjEgMB4GCSqGSIb3DQEJARYR\ncnlAdGlueWNsb3Vkcy5vcmcwHhcNMTMwODAxMTExOTAwWhcNNDAxMjE2MTExOTAw\nWjB9MQswCQYDVQQGEwJVUzELMAkGA1UECBMCQ0ExCzAJBgNVBAcTAlNGMQ8wDQYD\nVQQKEwZKb3llbnQxEDAOBgNVBAsTB05vZGUuanMxDzANBgNVBAMTBmFnZW50MjEg\nMB4GCSqGSIb3DQEJARYRcnlAdGlueWNsb3Vkcy5vcmcwgZ8wDQYJKoZIhvcNAQEB\nBQADgY0AMIGJAoGBAKGYRnu2BdY2R8flqKPLICWO/7NoRVGH4KZBY1uBF/VYXyA2\nVT5O7461mt6oA372BItGyNxdbMEvQBRcLiXTueKF5D+KYu30bWem6A/AxxYvnqU4\ntP+uhsXNuGNQTp8i0vBDM/nUx7QGeP1Kda6C936PCNt7wbGPKPNyACNMbnptAgMB\nAAEwDQYJKoZIhvcNAQEFBQADgYEATzjDAPocPA2Jm8wrLBW+fOC478wMo9gT3Y3N\nZU6fnF2dEPFLNETCMtDxnKhi4hnBpaiZ0fu0oaR1cSDRIVtlyW4azNjny4495C0F\nJLuP5P5pz+rJe+ImKw+mO1ARA9fUAL3VN6/kVXY/EspwWJcLbJ5jdsDmkRbV52hX\nTh4jkAI=\n-----END CERTIFICATE-----\n"}}},"modules":{"appLog":"app.log"},"workerCount":8},"token":"0360a1694566493dcae83e934896b007e2a4ff9ad4a4c80e5a60187f4659b69d8042cca7c6a5f2083af6004c2d778c67"}}
[2014-10-07T09:24:38.434Z] MISSED MSG {"type":"start","data":{"config":{"ports":{"4080":["log -> combined",{"redirect":{"*.code2flow.com/^(?<code>[a-f]{6})":"http://code2flow.com/[code]"},"errorHtmlPage":"/home/rush/Programowanie/rush-http-proxy/test.html","router":{"local.code2flow.com":80,"local.code2flow.com/test/*":"localhost:80/[rest]","local.code2flow.com/test2/*":"localhost:81/[rest]","imagoartdesign.pl":"127.0.0.1:3000","www.imagoartdesign.pl":"127.0.0.1:3000","traceroute6.rushbase.net":"127.0.0.1:3001","rtsolutions.pl":"127.0.0.1:3002","www.rtsolutions.pl":"127.0.0.1:3002","webflow.rushbase.net":"127.0.0.1:3010","resizer.rushbase.net":"127.0.0.1:3009","test.rtsolutions.pl":"127.0.0.1:6060","termi.rushbase.net":"127.0.0.1:7080","test2.code2flow.*":"127.0.0.1:8099","confluence.code2flow.*":"127.0.0.1:10000","test.code2flow.*":"127.0.0.1:8091","www.code2flow.*":"127.0.0.1:8091","code2flow.*":"127.0.0.1:8091","test.qrfaktura.*":"127.0.0.1:8092","test.znajdzdoktora.pl":"127.0.0.1:12000","api.znajdzdoktora.pl":"127.0.0.1:12001","agn.rushbase.net":"127.0.0.1:8095","rss.rushbase.net":"127.0.0.1:8096","*":"4000/test/[path]"},"static":{},"gzip":true}],"40443":{"router":["log -> test.log",{"local.code2flow.com/ddd":"websockify -> 22","local.code2flow.com":80}],"ssl":{"key":"-----BEGIN RSA PRIVATE KEY-----\nMIICXQIBAAKBgQChmEZ7tgXWNkfH5aijyyAljv+zaEVRh+CmQWNbgRf1WF8gNlU+\nTu+OtZreqAN+9gSLRsjcXWzBL0AUXC4l07niheQ/imLt9G1npugPwMcWL56lOLT/\nrobFzbhjUE6fItLwQzP51Me0Bnj9SnWugvd+jwjbe8GxjyjzcgAjTG56bQIDAQAB\nAoGAd19C6g5731N30T5hRqY+GCC72a90TZc/p/Fz0Vva8/4VP3mDnSS4qMaVIlgh\nRP++OZjPtqI5PbiG8MNrv7vZe0UXlV7oZE0IA+jomUXsplbwMFf6pkrqdyHi+cbm\nrBudhmKeLUgNA6peMGVA83C5g2SMqU5kB+tWzZT7Rs9rsyECQQDWpXxZgULqbFZv\nwjpIDGWjOpQZrv123bJ9TQ+VoskCu4vlyDJqDJPwnscl8NnzpFJriDARn0WrB2sd\n8GCX1yEpAkEAwLo/MYG5elkNRsE5/vINSIo04Gu6tP/Sd7EBtHYAPHUPjs/MhhVX\ntMIGtACheHMwjGRPyr8pboEp2LEap4GjpQJBALNsy+CJ0+TfwPVU96EIc+GZcvlx\nNMErGyvwwclEtSDKo2vmCHZrozLtlu1ZQueOgbMPuZbRe8w2vEzfhe8HTtkCQAYy\nNrPlwsvPLyEWN0IeEBVD9D0+2WrWSrL0auSdYpaPAOgLgDzTVNWH42VIG+jeczIg\nS3xuNuvJlUnVL9Ew1s0CQQCly+gduXtvOYip1/Stm/65kT7d8ICQgjh0XSPw/kUC\nllVMQY3z1iFCaj/z0Csr0t0kJ534bH7GP3LOoNruV0p9\n-----END RSA PRIVATE KEY-----\n","cert":"-----BEGIN CERTIFICATE-----\nMIICcTCCAdoCCQDTgzSLdDTF0TANBgkqhkiG9w0BAQUFADB9MQswCQYDVQQGEwJV\nUzELMAkGA1UECBMCQ0ExCzAJBgNVBAcTAlNGMQ8wDQYDVQQKEwZKb3llbnQxEDAO\nBgNVBAsTB05vZGUuanMxDzANBgNVBAMTBmFnZW50MjEgMB4GCSqGSIb3DQEJARYR\ncnlAdGlueWNsb3Vkcy5vcmcwHhcNMTMwODAxMTExOTAwWhcNNDAxMjE2MTExOTAw\nWjB9MQswCQYDVQQGEwJVUzELMAkGA1UECBMCQ0ExCzAJBgNVBAcTAlNGMQ8wDQYD\nVQQKEwZKb3llbnQxEDAOBgNVBAsTB05vZGUuanMxDzANBgNVBAMTBmFnZW50MjEg\nMB4GCSqGSIb3DQEJARYRcnlAdGlueWNsb3Vkcy5vcmcwgZ8wDQYJKoZIhvcNAQEB\nBQADgY0AMIGJAoGBAKGYRnu2BdY2R8flqKPLICWO/7NoRVGH4KZBY1uBF/VYXyA2\nVT5O7461mt6oA372BItGyNxdbMEvQBRcLiXTueKF5D+KYu30bWem6A/AxxYvnqU4\ntP+uhsXNuGNQTp8i0vBDM/nUx7QGeP1Kda6C936PCNt7wbGPKPNyACNMbnptAgMB\nAAEwDQYJKoZIhvcNAQEFBQADgYEATzjDAPocPA2Jm8wrLBW+fOC478wMo9gT3Y3N\nZU6fnF2dEPFLNETCMtDxnKhi4hnBpaiZ0fu0oaR1cSDRIVtlyW4azNjny4495C0F\nJLuP5P5pz+rJe+ImKw+mO1ARA9fUAL3VN6/kVXY/EspwWJcLbJ5jdsDmkRbV52hX\nTh4jkAI=\n-----END CERTIFICATE-----\n"}}},"modules":{"appLog":"app.log"},"workerCount":8},"token":"0360a1694566493dcae83e934896b007e2a4ff9ad4a4c80e5a60187f4659b69d8042cca7c6a5f2083af6004c2d778c67"}}
[2014-10-07T09:24:38.444Z] MISSED MSG {"type":"start","data":{"config":{"ports":{"4080":["log -> combined",{"redirect":{"*.code2flow.com/^(?<code>[a-f]{6})":"http://code2flow.com/[code]"},"errorHtmlPage":"/home/rush/Programowanie/rush-http-proxy/test.html","router":{"local.code2flow.com":80,"local.code2flow.com/test/*":"localhost:80/[rest]","local.code2flow.com/test2/*":"localhost:81/[rest]","imagoartdesign.pl":"127.0.0.1:3000","www.imagoartdesign.pl":"127.0.0.1:3000","traceroute6.rushbase.net":"127.0.0.1:3001","rtsolutions.pl":"127.0.0.1:3002","www.rtsolutions.pl":"127.0.0.1:3002","webflow.rushbase.net":"127.0.0.1:3010","resizer.rushbase.net":"127.0.0.1:3009","test.rtsolutions.pl":"127.0.0.1:6060","termi.rushbase.net":"127.0.0.1:7080","test2.code2flow.*":"127.0.0.1:8099","confluence.code2flow.*":"127.0.0.1:10000","test.code2flow.*":"127.0.0.1:8091","www.code2flow.*":"127.0.0.1:8091","code2flow.*":"127.0.0.1:8091","test.qrfaktura.*":"127.0.0.1:8092","test.znajdzdoktora.pl":"127.0.0.1:12000","api.znajdzdoktora.pl":"127.0.0.1:12001","agn.rushbase.net":"127.0.0.1:8095","rss.rushbase.net":"127.0.0.1:8096","*":"4000/test/[path]"},"static":{},"gzip":true}],"40443":{"router":["log -> test.log",{"local.code2flow.com/ddd":"websockify -> 22","local.code2flow.com":80}],"ssl":{"key":"-----BEGIN RSA PRIVATE KEY-----\nMIICXQIBAAKBgQChmEZ7tgXWNkfH5aijyyAljv+zaEVRh+CmQWNbgRf1WF8gNlU+\nTu+OtZreqAN+9gSLRsjcXWzBL0AUXC4l07niheQ/imLt9G1npugPwMcWL56lOLT/\nrobFzbhjUE6fItLwQzP51Me0Bnj9SnWugvd+jwjbe8GxjyjzcgAjTG56bQIDAQAB\nAoGAd19C6g5731N30T5hRqY+GCC72a90TZc/p/Fz0Vva8/4VP3mDnSS4qMaVIlgh\nRP++OZjPtqI5PbiG8MNrv7vZe0UXlV7oZE0IA+jomUXsplbwMFf6pkrqdyHi+cbm\nrBudhmKeLUgNA6peMGVA83C5g2SMqU5kB+tWzZT7Rs9rsyECQQDWpXxZgULqbFZv\nwjpIDGWjOpQZrv123bJ9TQ+VoskCu4vlyDJqDJPwnscl8NnzpFJriDARn0WrB2sd\n8GCX1yEpAkEAwLo/MYG5elkNRsE5/vINSIo04Gu6tP/Sd7EBtHYAPHUPjs/MhhVX\ntMIGtACheHMwjGRPyr8pboEp2LEap4GjpQJBALNsy+CJ0+TfwPVU96EIc+GZcvlx\nNMErGyvwwclEtSDKo2vmCHZrozLtlu1ZQueOgbMPuZbRe8w2vEzfhe8HTtkCQAYy\nNrPlwsvPLyEWN0IeEBVD9D0+2WrWSrL0auSdYpaPAOgLgDzTVNWH42VIG+jeczIg\nS3xuNuvJlUnVL9Ew1s0CQQCly+gduXtvOYip1/Stm/65kT7d8ICQgjh0XSPw/kUC\nllVMQY3z1iFCaj/z0Csr0t0kJ534bH7GP3LOoNruV0p9\n-----END RSA PRIVATE KEY-----\n","cert":"-----BEGIN CERTIFICATE-----\nMIICcTCCAdoCCQDTgzSLdDTF0TANBgkqhkiG9w0BAQUFADB9MQswCQYDVQQGEwJV\nUzELMAkGA1UECBMCQ0ExCzAJBgNVBAcTAlNGMQ8wDQYDVQQKEwZKb3llbnQxEDAO\nBgNVBAsTB05vZGUuanMxDzANBgNVBAMTBmFnZW50MjEgMB4GCSqGSIb3DQEJARYR\ncnlAdGlueWNsb3Vkcy5vcmcwHhcNMTMwODAxMTExOTAwWhcNNDAxMjE2MTExOTAw\nWjB9MQswCQYDVQQGEwJVUzELMAkGA1UECBMCQ0ExCzAJBgNVBAcTAlNGMQ8wDQYD\nVQQKEwZKb3llbnQxEDAOBgNVBAsTB05vZGUuanMxDzANBgNVBAMTBmFnZW50MjEg\nMB4GCSqGSIb3DQEJARYRcnlAdGlueWNsb3Vkcy5vcmcwgZ8wDQYJKoZIhvcNAQEB\nBQADgY0AMIGJAoGBAKGYRnu2BdY2R8flqKPLICWO/7NoRVGH4KZBY1uBF/VYXyA2\nVT5O7461mt6oA372BItGyNxdbMEvQBRcLiXTueKF5D+KYu30bWem6A/AxxYvnqU4\ntP+uhsXNuGNQTp8i0vBDM/nUx7QGeP1Kda6C936PCNt7wbGPKPNyACNMbnptAgMB\nAAEwDQYJKoZIhvcNAQEFBQADgYEATzjDAPocPA2Jm8wrLBW+fOC478wMo9gT3Y3N\nZU6fnF2dEPFLNETCMtDxnKhi4hnBpaiZ0fu0oaR1cSDRIVtlyW4azNjny4495C0F\nJLuP5P5pz+rJe+ImKw+mO1ARA9fUAL3VN6/kVXY/EspwWJcLbJ5jdsDmkRbV52hX\nTh4jkAI=\n-----END CERTIFICATE-----\n"}}},"modules":{"appLog":"app.log"},"workerCount":8},"token":"0360a1694566493dcae83e934896b007e2a4ff9ad4a4c80e5a60187f4659b69d8042cca7c6a5f2083af6004c2d778c67"}}
[2014-10-07T09:24:38.449Z] MISSED MSG {"type":"start","data":{"config":{"ports":{"4080":["log -> combined",{"redirect":{"*.code2flow.com/^(?<code>[a-f]{6})":"http://code2flow.com/[code]"},"errorHtmlPage":"/home/rush/Programowanie/rush-http-proxy/test.html","router":{"local.code2flow.com":80,"local.code2flow.com/test/*":"localhost:80/[rest]","local.code2flow.com/test2/*":"localhost:81/[rest]","imagoartdesign.pl":"127.0.0.1:3000","www.imagoartdesign.pl":"127.0.0.1:3000","traceroute6.rushbase.net":"127.0.0.1:3001","rtsolutions.pl":"127.0.0.1:3002","www.rtsolutions.pl":"127.0.0.1:3002","webflow.rushbase.net":"127.0.0.1:3010","resizer.rushbase.net":"127.0.0.1:3009","test.rtsolutions.pl":"127.0.0.1:6060","termi.rushbase.net":"127.0.0.1:7080","test2.code2flow.*":"127.0.0.1:8099","confluence.code2flow.*":"127.0.0.1:10000","test.code2flow.*":"127.0.0.1:8091","www.code2flow.*":"127.0.0.1:8091","code2flow.*":"127.0.0.1:8091","test.qrfaktura.*":"127.0.0.1:8092","test.znajdzdoktora.pl":"127.0.0.1:12000","api.znajdzdoktora.pl":"127.0.0.1:12001","agn.rushbase.net":"127.0.0.1:8095","rss.rushbase.net":"127.0.0.1:8096","*":"4000/test/[path]"},"static":{},"gzip":true}],"40443":{"router":["log -> test.log",{"local.code2flow.com/ddd":"websockify -> 22","local.code2flow.com":80}],"ssl":{"key":"-----BEGIN RSA PRIVATE KEY-----\nMIICXQIBAAKBgQChmEZ7tgXWNkfH5aijyyAljv+zaEVRh+CmQWNbgRf1WF8gNlU+\nTu+OtZreqAN+9gSLRsjcXWzBL0AUXC4l07niheQ/imLt9G1npugPwMcWL56lOLT/\nrobFzbhjUE6fItLwQzP51Me0Bnj9SnWugvd+jwjbe8GxjyjzcgAjTG56bQIDAQAB\nAoGAd19C6g5731N30T5hRqY+GCC72a90TZc/p/Fz0Vva8/4VP3mDnSS4qMaVIlgh\nRP++OZjPtqI5PbiG8MNrv7vZe0UXlV7oZE0IA+jomUXsplbwMFf6pkrqdyHi+cbm\nrBudhmKeLUgNA6peMGVA83C5g2SMqU5kB+tWzZT7Rs9rsyECQQDWpXxZgULqbFZv\nwjpIDGWjOpQZrv123bJ9TQ+VoskCu4vlyDJqDJPwnscl8NnzpFJriDARn0WrB2sd\n8GCX1yEpAkEAwLo/MYG5elkNRsE5/vINSIo04Gu6tP/Sd7EBtHYAPHUPjs/MhhVX\ntMIGtACheHMwjGRPyr8pboEp2LEap4GjpQJBALNsy+CJ0+TfwPVU96EIc+GZcvlx\nNMErGyvwwclEtSDKo2vmCHZrozLtlu1ZQueOgbMPuZbRe8w2vEzfhe8HTtkCQAYy\nNrPlwsvPLyEWN0IeEBVD9D0+2WrWSrL0auSdYpaPAOgLgDzTVNWH42VIG+jeczIg\nS3xuNuvJlUnVL9Ew1s0CQQCly+gduXtvOYip1/Stm/65kT7d8ICQgjh0XSPw/kUC\nllVMQY3z1iFCaj/z0Csr0t0kJ534bH7GP3LOoNruV0p9\n-----END RSA PRIVATE KEY-----\n","cert":"-----BEGIN CERTIFICATE-----\nMIICcTCCAdoCCQDTgzSLdDTF0TANBgkqhkiG9w0BAQUFADB9MQswCQYDVQQGEwJV\nUzELMAkGA1UECBMCQ0ExCzAJBgNVBAcTAlNGMQ8wDQYDVQQKEwZKb3llbnQxEDAO\nBgNVBAsTB05vZGUuanMxDzANBgNVBAMTBmFnZW50MjEgMB4GCSqGSIb3DQEJARYR\ncnlAdGlueWNsb3Vkcy5vcmcwHhcNMTMwODAxMTExOTAwWhcNNDAxMjE2MTExOTAw\nWjB9MQswCQYDVQQGEwJVUzELMAkGA1UECBMCQ0ExCzAJBgNVBAcTAlNGMQ8wDQYD\nVQQKEwZKb3llbnQxEDAOBgNVBAsTB05vZGUuanMxDzANBgNVBAMTBmFnZW50MjEg\nMB4GCSqGSIb3DQEJARYRcnlAdGlueWNsb3Vkcy5vcmcwgZ8wDQYJKoZIhvcNAQEB\nBQADgY0AMIGJAoGBAKGYRnu2BdY2R8flqKPLICWO/7NoRVGH4KZBY1uBF/VYXyA2\nVT5O7461mt6oA372BItGyNxdbMEvQBRcLiXTueKF5D+KYu30bWem6A/AxxYvnqU4\ntP+uhsXNuGNQTp8i0vBDM/nUx7QGeP1Kda6C936PCNt7wbGPKPNyACNMbnptAgMB\nAAEwDQYJKoZIhvcNAQEFBQADgYEATzjDAPocPA2Jm8wrLBW+fOC478wMo9gT3Y3N\nZU6fnF2dEPFLNETCMtDxnKhi4hnBpaiZ0fu0oaR1cSDRIVtlyW4azNjny4495C0F\nJLuP5P5pz+rJe+ImKw+mO1ARA9fUAL3VN6/kVXY/EspwWJcLbJ5jdsDmkRbV52hX\nTh4jkAI=\n-----END CERTIFICATE-----\n"}}},"modules":{"appLog":"app.log"},"workerCount":8},"token":"0360a1694566493dcae83e934896b007e2a4ff9ad4a4c80e5a60187f4659b69d8042cca7c6a5f2083af6004c2d778c67"}}
[2014-10-07T09:24:38.449Z] MISSED MSG {"type":"start","data":{"config":{"ports":{"4080":["log -> combined",{"redirect":{"*.code2flow.com/^(?<code>[a-f]{6})":"http://code2flow.com/[code]"},"errorHtmlPage":"/home/rush/Programowanie/rush-http-proxy/test.html","router":{"local.code2flow.com":80,"local.code2flow.com/test/*":"localhost:80/[rest]","local.code2flow.com/test2/*":"localhost:81/[rest]","imagoartdesign.pl":"127.0.0.1:3000","www.imagoartdesign.pl":"127.0.0.1:3000","traceroute6.rushbase.net":"127.0.0.1:3001","rtsolutions.pl":"127.0.0.1:3002","www.rtsolutions.pl":"127.0.0.1:3002","webflow.rushbase.net":"127.0.0.1:3010","resizer.rushbase.net":"127.0.0.1:3009","test.rtsolutions.pl":"127.0.0.1:6060","termi.rushbase.net":"127.0.0.1:7080","test2.code2flow.*":"127.0.0.1:8099","confluence.code2flow.*":"127.0.0.1:10000","test.code2flow.*":"127.0.0.1:8091","www.code2flow.*":"127.0.0.1:8091","code2flow.*":"127.0.0.1:8091","test.qrfaktura.*":"127.0.0.1:8092","test.znajdzdoktora.pl":"127.0.0.1:12000","api.znajdzdoktora.pl":"127.0.0.1:12001","agn.rushbase.net":"127.0.0.1:8095","rss.rushbase.net":"127.0.0.1:8096","*":"4000/test/[path]"},"static":{},"gzip":true}],"40443":{"router":["log -> test.log",{"local.code2flow.com/ddd":"websockify -> 22","local.code2flow.com":80}],"ssl":{"key":"-----BEGIN RSA PRIVATE KEY-----\nMIICXQIBAAKBgQChmEZ7tgXWNkfH5aijyyAljv+zaEVRh+CmQWNbgRf1WF8gNlU+\nTu+OtZreqAN+9gSLRsjcXWzBL0AUXC4l07niheQ/imLt9G1npugPwMcWL56lOLT/\nrobFzbhjUE6fItLwQzP51Me0Bnj9SnWugvd+jwjbe8GxjyjzcgAjTG56bQIDAQAB\nAoGAd19C6g5731N30T5hRqY+GCC72a90TZc/p/Fz0Vva8/4VP3mDnSS4qMaVIlgh\nRP++OZjPtqI5PbiG8MNrv7vZe0UXlV7oZE0IA+jomUXsplbwMFf6pkrqdyHi+cbm\nrBudhmKeLUgNA6peMGVA83C5g2SMqU5kB+tWzZT7Rs9rsyECQQDWpXxZgULqbFZv\nwjpIDGWjOpQZrv123bJ9TQ+VoskCu4vlyDJqDJPwnscl8NnzpFJriDARn0WrB2sd\n8GCX1yEpAkEAwLo/MYG5elkNRsE5/vINSIo04Gu6tP/Sd7EBtHYAPHUPjs/MhhVX\ntMIGtACheHMwjGRPyr8pboEp2LEap4GjpQJBALNsy+CJ0+TfwPVU96EIc+GZcvlx\nNMErGyvwwclEtSDKo2vmCHZrozLtlu1ZQueOgbMPuZbRe8w2vEzfhe8HTtkCQAYy\nNrPlwsvPLyEWN0IeEBVD9D0+2WrWSrL0auSdYpaPAOgLgDzTVNWH42VIG+jeczIg\nS3xuNuvJlUnVL9Ew1s0CQQCly+gduXtvOYip1/Stm/65kT7d8ICQgjh0XSPw/kUC\nllVMQY3z1iFCaj/z0Csr0t0kJ534bH7GP3LOoNruV0p9\n-----END RSA PRIVATE KEY-----\n","cert":"-----BEGIN CERTIFICATE-----\nMIICcTCCAdoCCQDTgzSLdDTF0TANBgkqhkiG9w0BAQUFADB9MQswCQYDVQQGEwJV\nUzELMAkGA1UECBMCQ0ExCzAJBgNVBAcTAlNGMQ8wDQYDVQQKEwZKb3llbnQxEDAO\nBgNVBAsTB05vZGUuanMxDzANBgNVBAMTBmFnZW50MjEgMB4GCSqGSIb3DQEJARYR\ncnlAdGlueWNsb3Vkcy5vcmcwHhcNMTMwODAxMTExOTAwWhcNNDAxMjE2MTExOTAw\nWjB9MQswCQYDVQQGEwJVUzELMAkGA1UECBMCQ0ExCzAJBgNVBAcTAlNGMQ8wDQYD\nVQQKEwZKb3llbnQxEDAOBgNVBAsTB05vZGUuanMxDzANBgNVBAMTBmFnZW50MjEg\nMB4GCSqGSIb3DQEJARYRcnlAdGlueWNsb3Vkcy5vcmcwgZ8wDQYJKoZIhvcNAQEB\nBQADgY0AMIGJAoGBAKGYRnu2BdY2R8flqKPLICWO/7NoRVGH4KZBY1uBF/VYXyA2\nVT5O7461mt6oA372BItGyNxdbMEvQBRcLiXTueKF5D+KYu30bWem6A/AxxYvnqU4\ntP+uhsXNuGNQTp8i0vBDM/nUx7QGeP1Kda6C936PCNt7wbGPKPNyACNMbnptAgMB\nAAEwDQYJKoZIhvcNAQEFBQADgYEATzjDAPocPA2Jm8wrLBW+fOC478wMo9gT3Y3N\nZU6fnF2dEPFLNETCMtDxnKhi4hnBpaiZ0fu0oaR1cSDRIVtlyW4azNjny4495C0F\nJLuP5P5pz+rJe+ImKw+mO1ARA9fUAL3VN6/kVXY/EspwWJcLbJ5jdsDmkRbV52hX\nTh4jkAI=\n-----END CERTIFICATE-----\n"}}},"modules":{"appLog":"app.log"},"workerCount":8},"token":"0360a1694566493dcae83e934896b007e2a4ff9ad4a4c80e5a60187f4659b69d8042cca7c6a5f2083af6004c2d778c67"}}
[2014-10-07T09:24:38.471Z] MISSED MSG {"type":"start","data":{"config":{"ports":{"4080":["log -> combined",{"redirect":{"*.code2flow.com/^(?<code>[a-f]{6})":"http://code2flow.com/[code]"},"errorHtmlPage":"/home/rush/Programowanie/rush-http-proxy/test.html","router":{"local.code2flow.com":80,"local.code2flow.com/test/*":"localhost:80/[rest]","local.code2flow.com/test2/*":"localhost:81/[rest]","imagoartdesign.pl":"127.0.0.1:3000","www.imagoartdesign.pl":"127.0.0.1:3000","traceroute6.rushbase.net":"127.0.0.1:3001","rtsolutions.pl":"127.0.0.1:3002","www.rtsolutions.pl":"127.0.0.1:3002","webflow.rushbase.net":"127.0.0.1:3010","resizer.rushbase.net":"127.0.0.1:3009","test.rtsolutions.pl":"127.0.0.1:6060","termi.rushbase.net":"127.0.0.1:7080","test2.code2flow.*":"127.0.0.1:8099","confluence.code2flow.*":"127.0.0.1:10000","test.code2flow.*":"127.0.0.1:8091","www.code2flow.*":"127.0.0.1:8091","code2flow.*":"127.0.0.1:8091","test.qrfaktura.*":"127.0.0.1:8092","test.znajdzdoktora.pl":"127.0.0.1:12000","api.znajdzdoktora.pl":"127.0.0.1:12001","agn.rushbase.net":"127.0.0.1:8095","rss.rushbase.net":"127.0.0.1:8096","*":"4000/test/[path]"},"static":{},"gzip":true}],"40443":{"router":["log -> test.log",{"local.code2flow.com/ddd":"websockify -> 22","local.code2flow.com":80}],"ssl":{"key":"-----BEGIN RSA PRIVATE KEY-----\nMIICXQIBAAKBgQChmEZ7tgXWNkfH5aijyyAljv+zaEVRh+CmQWNbgRf1WF8gNlU+\nTu+OtZreqAN+9gSLRsjcXWzBL0AUXC4l07niheQ/imLt9G1npugPwMcWL56lOLT/\nrobFzbhjUE6fItLwQzP51Me0Bnj9SnWugvd+jwjbe8GxjyjzcgAjTG56bQIDAQAB\nAoGAd19C6g5731N30T5hRqY+GCC72a90TZc/p/Fz0Vva8/4VP3mDnSS4qMaVIlgh\nRP++OZjPtqI5PbiG8MNrv7vZe0UXlV7oZE0IA+jomUXsplbwMFf6pkrqdyHi+cbm\nrBudhmKeLUgNA6peMGVA83C5g2SMqU5kB+tWzZT7Rs9rsyECQQDWpXxZgULqbFZv\nwjpIDGWjOpQZrv123bJ9TQ+VoskCu4vlyDJqDJPwnscl8NnzpFJriDARn0WrB2sd\n8GCX1yEpAkEAwLo/MYG5elkNRsE5/vINSIo04Gu6tP/Sd7EBtHYAPHUPjs/MhhVX\ntMIGtACheHMwjGRPyr8pboEp2LEap4GjpQJBALNsy+CJ0+TfwPVU96EIc+GZcvlx\nNMErGyvwwclEtSDKo2vmCHZrozLtlu1ZQueOgbMPuZbRe8w2vEzfhe8HTtkCQAYy\nNrPlwsvPLyEWN0IeEBVD9D0+2WrWSrL0auSdYpaPAOgLgDzTVNWH42VIG+jeczIg\nS3xuNuvJlUnVL9Ew1s0CQQCly+gduXtvOYip1/Stm/65kT7d8ICQgjh0XSPw/kUC\nllVMQY3z1iFCaj/z0Csr0t0kJ534bH7GP3LOoNruV0p9\n-----END RSA PRIVATE KEY-----\n","cert":"-----BEGIN CERTIFICATE-----\nMIICcTCCAdoCCQDTgzSLdDTF0TANBgkqhkiG9w0BAQUFADB9MQswCQYDVQQGEwJV\nUzELMAkGA1UECBMCQ0ExCzAJBgNVBAcTAlNGMQ8wDQYDVQQKEwZKb3llbnQxEDAO\nBgNVBAsTB05vZGUuanMxDzANBgNVBAMTBmFnZW50MjEgMB4GCSqGSIb3DQEJARYR\ncnlAdGlueWNsb3Vkcy5vcmcwHhcNMTMwODAxMTExOTAwWhcNNDAxMjE2MTExOTAw\nWjB9MQswCQYDVQQGEwJVUzELMAkGA1UECBMCQ0ExCzAJBgNVBAcTAlNGMQ8wDQYD\nVQQKEwZKb3llbnQxEDAOBgNVBAsTB05vZGUuanMxDzANBgNVBAMTBmFnZW50MjEg\nMB4GCSqGSIb3DQEJARYRcnlAdGlueWNsb3Vkcy5vcmcwgZ8wDQYJKoZIhvcNAQEB\nBQADgY0AMIGJAoGBAKGYRnu2BdY2R8flqKPLICWO/7NoRVGH4KZBY1uBF/VYXyA2\nVT5O7461mt6oA372BItGyNxdbMEvQBRcLiXTueKF5D+KYu30bWem6A/AxxYvnqU4\ntP+uhsXNuGNQTp8i0vBDM/nUx7QGeP1Kda6C936PCNt7wbGPKPNyACNMbnptAgMB\nAAEwDQYJKoZIhvcNAQEFBQADgYEATzjDAPocPA2Jm8wrLBW+fOC478wMo9gT3Y3N\nZU6fnF2dEPFLNETCMtDxnKhi4hnBpaiZ0fu0oaR1cSDRIVtlyW4azNjny4495C0F\nJLuP5P5pz+rJe+ImKw+mO1ARA9fUAL3VN6/kVXY/EspwWJcLbJ5jdsDmkRbV52hX\nTh4jkAI=\n-----END CERTIFICATE-----\n"}}},"modules":{"appLog":"app.log"},"workerCount":8},"token":"0360a1694566493dcae83e934896b007e2a4ff9ad4a4c80e5a60187f4659b69d8042cca7c6a5f2083af6004c2d778c67"}}
[2014-10-07T09:24:38.498Z] [3] Listening on port: port 4080
[2014-10-07T09:24:38.499Z] [3] Listening on port: port 40443
[2014-10-07T09:24:38.499Z] [3] Start successful
[2014-10-07T09:24:38.500Z] [2] Listening on port: port 4080
[2014-10-07T09:24:38.501Z] [2] Listening on port: port 40443
[2014-10-07T09:24:38.501Z] [2] Start successful
[2014-10-07T09:24:38.504Z] [1] Listening on port: port 4080
[2014-10-07T09:24:38.505Z] [1] Listening on port: port 40443
[2014-10-07T09:24:38.505Z] [1] Start successful
[2014-10-07T09:24:38.510Z] [6] Listening on port: port 4080
[2014-10-07T09:24:38.511Z] [6] Listening on port: port 40443
[2014-10-07T09:24:38.511Z] [6] Start successful
[2014-10-07T09:24:38.511Z] [7] Listening on port: port 4080
[2014-10-07T09:24:38.512Z] [7] Listening on port: port 40443
[2014-10-07T09:24:38.512Z] [7] Start successful
[2014-10-07T09:24:38.515Z] [4] Listening on port: port 4080
[2014-10-07T09:24:38.516Z] [4] Listening on port: port 40443
[2014-10-07T09:24:38.516Z] [4] Start successful
[2014-10-07T09:24:38.520Z] [5] Listening on port: port 4080
[2014-10-07T09:24:38.522Z] [5] Listening on port: port 40443
[2014-10-07T09:24:38.522Z] [5] Start successful
[2014-10-07T09:24:38.525Z] [8] Listening on port: port 4080
[2014-10-07T09:24:38.525Z] [8] Listening on port: port 40443
[2014-10-07T09:24:38.525Z] [8] Start successful
[2014-10-07T09:24:38.526Z] All workers started in 238ms
[2014-10-07T09:25:14.941Z] [3] Listening on port: port 4080
[2014-10-07T09:25:14.943Z] [3] Listening on port: port 40443
[2014-10-07T09:25:14.943Z] [3] Start successful
[2014-10-07T09:25:14.944Z] [1] Listening on port: port 4080
[2014-10-07T09:25:14.945Z] [5] Listening on port: port 4080
[2014-10-07T09:25:14.946Z] [1] Listening on port: port 40443
[2014-10-07T09:25:14.946Z] [1] Start successful
[2014-10-07T09:25:14.950Z] [5] Listening on port: port 40443
[2014-10-07T09:25:14.950Z] [5] Start successful
[2014-10-07T09:25:14.950Z] [6] Listening on port: port 4080
[2014-10-07T09:25:14.950Z] [2] Listening on port: port 4080
[2014-10-07T09:25:14.952Z] [6] Listening on port: port 40443
[2014-10-07T09:25:14.952Z] [6] Start successful
[2014-10-07T09:25:14.953Z] [2] Listening on port: port 40443
[2014-10-07T09:25:14.953Z] [2] Start successful
[2014-10-07T09:25:14.978Z] [7] Listening on port: port 4080
[2014-10-07T09:25:14.978Z] [4] Listening on port: port 4080
[2014-10-07T09:25:14.980Z] [4] Listening on port: port 40443
[2014-10-07T09:25:14.980Z] [4] Start successful
[2014-10-07T09:25:14.980Z] [7] Listening on port: port 40443
[2014-10-07T09:25:14.980Z] [7] Start successful
[2014-10-07T09:25:14.994Z] [8] Listening on port: port 4080
[2014-10-07T09:25:14.995Z] [8] Listening on port: port 40443
[2014-10-07T09:25:14.995Z] [8] Start successful
[2014-10-07T09:25:14.996Z] All workers started in 261ms
[2014-10-07T09:25:19.229Z] Reloading workers due to config change
[2014-10-07T09:25:19.234Z] [3] Reloading config
[2014-10-07T09:25:19.234Z] [1] Reloading config
[2014-10-07T09:25:19.234Z] [2] Reloading config
[2014-10-07T09:25:19.234Z] [5] Reloading config
[2014-10-07T09:25:19.234Z] [6] Reloading config
[2014-10-07T09:25:19.234Z] [7] Reloading config
[2014-10-07T09:25:19.234Z] [4] Reloading config
[2014-10-07T09:25:19.235Z] [8] Reloading config
[2014-10-07T09:25:19.237Z] [3] Listening on port: port 4080
[2014-10-07T09:25:19.238Z] [1] Listening on port: port 4080
[2014-10-07T09:25:19.241Z] [2] Listening on port: port 4080
[2014-10-07T09:25:19.241Z] [5] Listening on port: port 4080
[2014-10-07T09:25:19.241Z] [5] Listening on port: port 40443
[2014-10-07T09:25:19.241Z] [5] Start successful
[2014-10-07T09:25:19.241Z] [6] Listening on port: port 4080
[2014-10-07T09:25:19.241Z] [4] Listening on port: port 4080
[2014-10-07T09:25:19.241Z] [4] Listening on port: port 40443
[2014-10-07T09:25:19.242Z] [4] Start successful
[2014-10-07T09:25:19.242Z] [8] Listening on port: port 4080
[2014-10-07T09:25:19.242Z] [2] Listening on port: port 40443
[2014-10-07T09:25:19.242Z] [2] Start successful
[2014-10-07T09:25:19.242Z] [6] Listening on port: port 40443
[2014-10-07T09:25:19.242Z] [6] Start successful
[2014-10-07T09:25:19.243Z] [7] Listening on port: port 4080
[2014-10-07T09:25:19.243Z] [3] Listening on port: port 40443
[2014-10-07T09:25:19.243Z] [3] Start successful
[2014-10-07T09:25:19.243Z] [1] Listening on port: port 40443
[2014-10-07T09:25:19.243Z] [1] Start successful
[2014-10-07T09:25:19.243Z] [8] Listening on port: port 40443
[2014-10-07T09:25:19.243Z] [8] Start successful
[2014-10-07T09:25:19.243Z] [7] Listening on port: port 40443
[2014-10-07T09:25:19.244Z] [7] Start successful
[2014-10-07T09:25:19.244Z] All workers reloaded, downtime was 13ms
[2014-10-07T09:25:21.488Z] [1] Listening on port: port 4080
[2014-10-07T09:25:21.491Z] [1] Listening on port: port 40443
[2014-10-07T09:25:21.491Z] [1] Start successful
[2014-10-07T09:25:21.493Z] [2] Listening on port: port 4080
[2014-10-07T09:25:21.494Z] [2] Listening on port: port 40443
[2014-10-07T09:25:21.495Z] [2] Start successful
[2014-10-07T09:25:21.496Z] [3] Listening on port: port 4080
[2014-10-07T09:25:21.497Z] [3] Listening on port: port 40443
[2014-10-07T09:25:21.497Z] [3] Start successful
[2014-10-07T09:25:21.501Z] [7] Listening on port: port 4080
[2014-10-07T09:25:21.503Z] [7] Listening on port: port 40443
[2014-10-07T09:25:21.504Z] [7] Start successful
[2014-10-07T09:25:21.505Z] [5] Listening on port: port 4080
[2014-10-07T09:25:21.506Z] [4] Listening on port: port 4080
[2014-10-07T09:25:21.514Z] [4] Listening on port: port 40443
[2014-10-07T09:25:21.515Z] [4] Start successful
[2014-10-07T09:25:21.516Z] [5] Listening on port: port 40443
[2014-10-07T09:25:21.516Z] [5] Start successful
[2014-10-07T09:25:21.519Z] [8] Listening on port: port 4080
[2014-10-07T09:25:21.521Z] [8] Listening on port: port 40443
[2014-10-07T09:25:21.521Z] [8] Start successful
[2014-10-07T09:25:21.523Z] [6] Listening on port: port 4080
[2014-10-07T09:25:21.524Z] [6] Listening on port: port 40443
[2014-10-07T09:25:21.525Z] [6] Start successful
[2014-10-07T09:25:21.525Z] All workers started in 236ms
[2014-10-07T09:25:22.973Z] Reloading workers due to config change
[2014-10-07T09:25:22.978Z] [2] Reloading config
[2014-10-07T09:25:22.979Z] [1] Reloading config
[2014-10-07T09:25:22.979Z] [3] Reloading config
[2014-10-07T09:25:22.980Z] [4] Reloading config
[2014-10-07T09:25:22.980Z] [7] Reloading config
[2014-10-07T09:25:22.981Z] [5] Reloading config
[2014-10-07T09:25:22.983Z] [8] Reloading config
[2014-10-07T09:25:22.984Z] [6] Reloading config
[2014-10-07T09:25:22.984Z] [2] Listening on port: port 4080
[2014-10-07T09:25:22.984Z] [1] Listening on port: port 4080
[2014-10-07T09:25:22.985Z] [3] Listening on port: port 4080
[2014-10-07T09:25:22.985Z] [4] Listening on port: port 4080
[2014-10-07T09:25:22.985Z] [7] Listening on port: port 4080
[2014-10-07T09:25:22.987Z] [8] Listening on port: port 4080
[2014-10-07T09:25:22.987Z] [2] Listening on port: port 40443
[2014-10-07T09:25:22.987Z] [2] Start successful
[2014-10-07T09:25:22.987Z] [6] Listening on port: port 4080
[2014-10-07T09:25:22.987Z] [1] Listening on port: port 40443
[2014-10-07T09:25:22.988Z] [1] Start successful
[2014-10-07T09:25:22.988Z] [3] Listening on port: port 40443
[2014-10-07T09:25:22.988Z] [3] Start successful
[2014-10-07T09:25:22.988Z] [5] Listening on port: port 4080
[2014-10-07T09:25:22.988Z] [7] Listening on port: port 40443
[2014-10-07T09:25:22.988Z] [7] Start successful
[2014-10-07T09:25:22.989Z] [4] Listening on port: port 40443
[2014-10-07T09:25:22.989Z] [4] Start successful
[2014-10-07T09:25:22.989Z] [8] Listening on port: port 40443
[2014-10-07T09:25:22.990Z] [8] Start successful
[2014-10-07T09:25:22.990Z] [6] Listening on port: port 40443
[2014-10-07T09:25:22.990Z] [6] Start successful
[2014-10-07T09:25:22.991Z] [5] Listening on port: port 40443
[2014-10-07T09:25:22.991Z] [5] Start successful
[2014-10-07T09:25:22.991Z] All workers reloaded, downtime was 17ms
[2014-10-07T09:25:24.854Z] Reloading workers due to config change
[2014-10-07T09:25:24.859Z] [1] Reloading config
[2014-10-07T09:25:24.860Z] [2] Reloading config
[2014-10-07T09:25:24.860Z] [3] Reloading config
[2014-10-07T09:25:24.861Z] [5] Reloading config
[2014-10-07T09:25:24.861Z] [8] Reloading config
[2014-10-07T09:25:24.862Z] [4] Reloading config
[2014-10-07T09:25:24.863Z] [1] Listening on port: port 4080
[2014-10-07T09:25:24.863Z] [2] Listening on port: port 4080
[2014-10-07T09:25:24.864Z] [3] Listening on port: port 4080
[2014-10-07T09:25:24.864Z] [8] Listening on port: port 4080
[2014-10-07T09:25:24.864Z] [8] Listening on port: port 40443
[2014-10-07T09:25:24.865Z] [7] Reloading config
[2014-10-07T09:25:24.865Z] [6] Reloading config
[2014-10-07T09:25:24.865Z] [1] Listening on port: port 40443
[2014-10-07T09:25:24.865Z] [1] Start successful
[2014-10-07T09:25:24.865Z] [2] Listening on port: port 40443
[2014-10-07T09:25:24.865Z] [2] Start successful
[2014-10-07T09:25:24.866Z] [3] Listening on port: port 40443
[2014-10-07T09:25:24.866Z] [3] Start successful
[2014-10-07T09:25:24.866Z] [5] Listening on port: port 4080
[2014-10-07T09:25:24.866Z] [5] Listening on port: port 40443
[2014-10-07T09:25:24.866Z] [5] Start successful
[2014-10-07T09:25:24.866Z] [8] Start successful
[2014-10-07T09:25:24.866Z] [4] Listening on port: port 4080
[2014-10-07T09:25:24.866Z] [4] Listening on port: port 40443
[2014-10-07T09:25:24.866Z] [4] Start successful
[2014-10-07T09:25:24.866Z] [7] Listening on port: port 4080
[2014-10-07T09:25:24.867Z] [6] Listening on port: port 4080
[2014-10-07T09:25:24.868Z] [7] Listening on port: port 40443
[2014-10-07T09:25:24.868Z] [7] Start successful
[2014-10-07T09:25:24.868Z] [6] Listening on port: port 40443
[2014-10-07T09:25:24.868Z] [6] Start successful
[2014-10-07T09:25:24.869Z] All workers reloaded, downtime was 13ms
[2014-10-07T09:25:26.899Z] [2] Listening on port: port 4080
[2014-10-07T09:25:26.901Z] [2] Listening on port: port 40443
[2014-10-07T09:25:26.901Z] [2] Start successful
[2014-10-07T09:25:26.904Z] [7] Listening on port: port 4080
[2014-10-07T09:25:26.906Z] [4] Listening on port: port 4080
[2014-10-07T09:25:26.906Z] [8] Listening on port: port 4080
[2014-10-07T09:25:26.907Z] [7] Listening on port: port 40443
[2014-10-07T09:25:26.907Z] [7] Start successful
[2014-10-07T09:25:26.909Z] [4] Listening on port: port 40443
[2014-10-07T09:25:26.909Z] [4] Start successful
[2014-10-07T09:25:26.910Z] [8] Listening on port: port 40443
[2014-10-07T09:25:26.910Z] [8] Start successful
[2014-10-07T09:25:26.910Z] [5] Listening on port: port 4080
[2014-10-07T09:25:26.913Z] [5] Listening on port: port 40443
[2014-10-07T09:25:26.913Z] [5] Start successful
[2014-10-07T09:25:26.917Z] [3] Listening on port: port 4080
[2014-10-07T09:25:26.918Z] [3] Listening on port: port 40443
[2014-10-07T09:25:26.918Z] [3] Start successful
[2014-10-07T09:25:26.927Z] [1] Listening on port: port 4080
[2014-10-07T09:25:26.928Z] [6] Listening on port: port 4080
[2014-10-07T09:25:26.929Z] [1] Listening on port: port 40443
[2014-10-07T09:25:26.929Z] [1] Start successful
[2014-10-07T09:25:26.929Z] [6] Listening on port: port 40443
[2014-10-07T09:25:26.929Z] [6] Start successful
[2014-10-07T09:25:26.930Z] All workers started in 241ms
[2014-10-07T09:25:27.964Z] [4] Listening on port: port 4080
[2014-10-07T09:25:27.966Z] [4] Listening on port: port 40443
[2014-10-07T09:25:27.966Z] [4] Start successful
[2014-10-07T09:25:27.981Z] [5] Listening on port: port 4080
[2014-10-07T09:25:27.982Z] [2] Listening on port: port 4080
[2014-10-07T09:25:27.982Z] [3] Listening on port: port 4080
[2014-10-07T09:25:27.984Z] [5] Listening on port: port 40443
[2014-10-07T09:25:27.984Z] [5] Start successful
[2014-10-07T09:25:27.984Z] [3] Listening on port: port 40443
[2014-10-07T09:25:27.984Z] [2] Listening on port: port 40443
[2014-10-07T09:25:27.984Z] [2] Start successful
[2014-10-07T09:25:27.984Z] [3] Start successful
[2014-10-07T09:25:27.996Z] [8] Listening on port: port 4080
[2014-10-07T09:25:27.997Z] [1] Listening on port: port 4080
[2014-10-07T09:25:27.998Z] [1] Listening on port: port 40443
[2014-10-07T09:25:27.999Z] [1] Start successful
[2014-10-07T09:25:27.999Z] [8] Listening on port: port 40443
[2014-10-07T09:25:27.999Z] [8] Start successful
[2014-10-07T09:25:28.000Z] [6] Listening on port: port 4080
[2014-10-07T09:25:28.001Z] [6] Listening on port: port 40443
[2014-10-07T09:25:28.001Z] [6] Start successful
[2014-10-07T09:25:28.018Z] [7] Listening on port: port 4080
[2014-10-07T09:25:28.020Z] [7] Listening on port: port 40443
[2014-10-07T09:25:28.020Z] [7] Start successful
[2014-10-07T09:25:28.020Z] All workers started in 243ms
[2014-10-07T09:25:28.952Z] [1] Listening on port: port 4080
[2014-10-07T09:25:28.954Z] [1] Listening on port: port 40443
[2014-10-07T09:25:28.954Z] [1] Start successful
[2014-10-07T09:25:28.972Z] [2] Listening on port: port 4080
[2014-10-07T09:25:28.975Z] [2] Listening on port: port 40443
[2014-10-07T09:25:28.975Z] [2] Start successful
[2014-10-07T09:25:28.983Z] [6] Listening on port: port 4080
[2014-10-07T09:25:28.985Z] [6] Listening on port: port 40443
[2014-10-07T09:25:28.985Z] [6] Start successful
[2014-10-07T09:25:29.018Z] [5] Listening on port: port 4080
[2014-10-07T09:25:29.020Z] [5] Listening on port: port 40443
[2014-10-07T09:25:29.020Z] [5] Start successful
[2014-10-07T09:25:29.031Z] [4] Listening on port: port 4080
[2014-10-07T09:25:29.034Z] [4] Listening on port: port 40443
[2014-10-07T09:25:29.034Z] [4] Start successful
[2014-10-07T09:25:29.038Z] [8] Listening on port: port 4080
[2014-10-07T09:25:29.041Z] [8] Listening on port: port 40443
[2014-10-07T09:25:29.041Z] [8] Start successful
[2014-10-07T09:25:29.049Z] [3] Listening on port: port 4080
[2014-10-07T09:25:29.052Z] [3] Listening on port: port 40443
[2014-10-07T09:25:29.052Z] [3] Start successful
[2014-10-07T09:25:29.058Z] [7] Listening on port: port 4080
[2014-10-07T09:25:29.059Z] [7] Listening on port: port 40443
[2014-10-07T09:25:29.060Z] [7] Start successful
[2014-10-07T09:25:29.060Z] All workers started in 293ms
[2014-10-07T09:25:30.021Z] [1] Listening on port: port 4080
[2014-10-07T09:25:30.027Z] [1] Listening on port: port 40443
[2014-10-07T09:25:30.027Z] [1] Start successful
[2014-10-07T09:25:30.041Z] [3] Listening on port: port 4080
[2014-10-07T09:25:30.043Z] [3] Listening on port: port 40443
[2014-10-07T09:25:30.043Z] [3] Start successful
[2014-10-07T09:25:30.051Z] [4] Listening on port: port 4080
[2014-10-07T09:25:30.053Z] [4] Listening on port: port 40443
[2014-10-07T09:25:30.054Z] [4] Start successful
[2014-10-07T09:25:30.061Z] [7] Listening on port: port 4080
[2014-10-07T09:25:30.064Z] [7] Listening on port: port 40443
[2014-10-07T09:25:30.064Z] [7] Start successful
[2014-10-07T09:25:30.071Z] [2] Listening on port: port 4080
[2014-10-07T09:25:30.073Z] [2] Listening on port: port 40443
[2014-10-07T09:25:30.073Z] [2] Start successful
[2014-10-07T09:25:30.091Z] [5] Listening on port: port 4080
[2014-10-07T09:25:30.093Z] [5] Listening on port: port 40443
[2014-10-07T09:25:30.093Z] [5] Start successful
[2014-10-07T09:25:30.129Z] [6] Listening on port: port 4080
[2014-10-07T09:25:30.130Z] [6] Listening on port: port 40443
[2014-10-07T09:25:30.130Z] [6] Start successful
[2014-10-07T09:25:30.134Z] [8] Listening on port: port 4080
[2014-10-07T09:25:30.135Z] [8] Listening on port: port 40443
[2014-10-07T09:25:30.135Z] [8] Start successful
[2014-10-07T09:25:30.135Z] All workers started in 302ms
[2014-10-07T09:25:31.044Z] [3] Listening on port: port 4080
[2014-10-07T09:25:31.048Z] [3] Listening on port: port 40443
[2014-10-07T09:25:31.048Z] [3] Start successful
[2014-10-07T09:25:31.077Z] [1] Listening on port: port 4080
[2014-10-07T09:25:31.079Z] [1] Listening on port: port 40443
[2014-10-07T09:25:31.080Z] [1] Start successful
[2014-10-07T09:25:31.086Z] [6] Listening on port: port 4080
[2014-10-07T09:25:31.088Z] [6] Listening on port: port 40443
[2014-10-07T09:25:31.088Z] [6] Start successful
[2014-10-07T09:25:31.090Z] [2] Listening on port: port 4080
[2014-10-07T09:25:31.091Z] [2] Listening on port: port 40443
[2014-10-07T09:25:31.091Z] [2] Start successful
[2014-10-07T09:25:31.093Z] [7] Listening on port: port 4080
[2014-10-07T09:25:31.094Z] [4] Listening on port: port 4080
[2014-10-07T09:25:31.094Z] [7] Listening on port: port 40443
[2014-10-07T09:25:31.095Z] [7] Start successful
[2014-10-07T09:25:31.097Z] [4] Listening on port: port 40443
[2014-10-07T09:25:31.097Z] [4] Start successful
[2014-10-07T09:25:31.114Z] [5] Listening on port: port 4080
[2014-10-07T09:25:31.115Z] [5] Listening on port: port 40443
[2014-10-07T09:25:31.115Z] [5] Start successful
[2014-10-07T09:25:31.127Z] [8] Listening on port: port 4080
[2014-10-07T09:25:31.129Z] [8] Listening on port: port 40443
[2014-10-07T09:25:31.129Z] [8] Start successful
[2014-10-07T09:25:31.129Z] All workers started in 258ms
[2014-10-07T09:25:32.206Z] [3] Listening on port: port 4080
[2014-10-07T09:25:32.208Z] [3] Listening on port: port 40443
[2014-10-07T09:25:32.208Z] [3] Start successful
[2014-10-07T09:25:32.218Z] [2] Listening on port: port 4080
[2014-10-07T09:25:32.219Z] [1] Listening on port: port 4080
[2014-10-07T09:25:32.221Z] [2] Listening on port: port 40443
[2014-10-07T09:25:32.221Z] [2] Start successful
[2014-10-07T09:25:32.222Z] [1] Listening on port: port 40443
[2014-10-07T09:25:32.222Z] [1] Start successful
[2014-10-07T09:25:32.274Z] [5] Listening on port: port 4080
[2014-10-07T09:25:32.276Z] [5] Listening on port: port 40443
[2014-10-07T09:25:32.276Z] [5] Start successful
[2014-10-07T09:25:32.297Z] [4] Listening on port: port 4080
[2014-10-07T09:25:32.299Z] [4] Listening on port: port 40443
[2014-10-07T09:25:32.299Z] [4] Start successful
[2014-10-07T09:25:32.309Z] [6] Listening on port: port 4080
[2014-10-07T09:25:32.311Z] [6] Listening on port: port 40443
[2014-10-07T09:25:32.311Z] [6] Start successful
[2014-10-07T09:25:32.332Z] [7] Listening on port: port 4080
[2014-10-07T09:25:32.332Z] [7] Listening on port: port 40443
[2014-10-07T09:25:32.333Z] [7] Start successful
[2014-10-07T09:25:32.346Z] [8] Listening on port: port 4080
[2014-10-07T09:25:32.348Z] [8] Listening on port: port 40443
[2014-10-07T09:25:32.348Z] [8] Start successful
[2014-10-07T09:25:32.349Z] All workers started in 333ms
[2014-10-07T09:25:33.257Z] [1] Listening on port: port 4080
[2014-10-07T09:25:33.259Z] [1] Listening on port: port 40443
[2014-10-07T09:25:33.259Z] [3] Listening on port: port 4080
[2014-10-07T09:25:33.260Z] [1] Start successful
[2014-10-07T09:25:33.261Z] [2] Listening on port: port 4080
[2014-10-07T09:25:33.262Z] [3] Listening on port: port 40443
[2014-10-07T09:25:33.262Z] [3] Start successful
[2014-10-07T09:25:33.263Z] [2] Listening on port: port 40443
[2014-10-07T09:25:33.263Z] [2] Start successful
[2014-10-07T09:25:33.265Z] [7] Listening on port: port 4080
[2014-10-07T09:25:33.267Z] [7] Listening on port: port 40443
[2014-10-07T09:25:33.267Z] [7] Start successful
[2014-10-07T09:25:33.272Z] [5] Listening on port: port 4080
[2014-10-07T09:25:33.274Z] [5] Listening on port: port 40443
[2014-10-07T09:25:33.274Z] [5] Start successful
[2014-10-07T09:25:33.276Z] [6] Listening on port: port 4080
[2014-10-07T09:25:33.276Z] [8] Listening on port: port 4080
[2014-10-07T09:25:33.278Z] [6] Listening on port: port 40443
[2014-10-07T09:25:33.278Z] [6] Start successful
[2014-10-07T09:25:33.284Z] [4] Listening on port: port 4080
[2014-10-07T09:25:33.284Z] [8] Listening on port: port 40443
[2014-10-07T09:25:33.284Z] [8] Start successful
[2014-10-07T09:25:33.285Z] [4] Listening on port: port 40443
[2014-10-07T09:25:33.285Z] [4] Start successful
[2014-10-07T09:25:33.286Z] All workers started in 237ms
[2014-10-07T09:25:34.337Z] [1] Listening on port: port 4080
[2014-10-07T09:25:34.339Z] [1] Listening on port: port 40443
[2014-10-07T09:25:34.339Z] [1] Start successful
[2014-10-07T09:25:34.349Z] [5] Listening on port: port 4080
[2014-10-07T09:25:34.352Z] [3] Listening on port: port 4080
[2014-10-07T09:25:34.352Z] [5] Listening on port: port 40443
[2014-10-07T09:25:34.353Z] [5] Start successful
[2014-10-07T09:25:34.355Z] [3] Listening on port: port 40443
[2014-10-07T09:25:34.355Z] [3] Start successful
[2014-10-07T09:25:34.363Z] [7] Listening on port: port 4080
[2014-10-07T09:25:34.365Z] [7] Listening on port: port 40443
[2014-10-07T09:25:34.366Z] [7] Start successful
[2014-10-07T09:25:34.368Z] [4] Listening on port: port 4080
[2014-10-07T09:25:34.369Z] [4] Listening on port: port 40443
[2014-10-07T09:25:34.369Z] [4] Start successful
[2014-10-07T09:25:34.383Z] [8] Listening on port: port 4080
[2014-10-07T09:25:34.384Z] [8] Listening on port: port 40443
[2014-10-07T09:25:34.384Z] [8] Start successful
[2014-10-07T09:25:34.388Z] [2] Listening on port: port 4080
[2014-10-07T09:25:34.390Z] [2] Listening on port: port 40443
[2014-10-07T09:25:34.391Z] [2] Start successful
[2014-10-07T09:25:34.396Z] [6] Listening on port: port 4080
[2014-10-07T09:25:34.397Z] [6] Listening on port: port 40443
[2014-10-07T09:25:34.397Z] [6] Start successful
[2014-10-07T09:25:34.398Z] All workers started in 266ms
[2014-10-07T09:25:35.295Z] [1] Listening on port: port 4080
[2014-10-07T09:25:35.296Z] [1] Listening on port: port 40443
[2014-10-07T09:25:35.297Z] [1] Start successful
[2014-10-07T09:25:35.297Z] [5] Listening on port: port 4080
[2014-10-07T09:25:35.299Z] [5] Listening on port: port 40443
[2014-10-07T09:25:35.299Z] [5] Start successful
[2014-10-07T09:25:35.302Z] [4] Listening on port: port 4080
[2014-10-07T09:25:35.304Z] [4] Listening on port: port 40443
[2014-10-07T09:25:35.304Z] [4] Start successful
[2014-10-07T09:25:35.308Z] [3] Listening on port: port 4080
[2014-10-07T09:25:35.309Z] [3] Listening on port: port 40443
[2014-10-07T09:25:35.310Z] [3] Start successful
[2014-10-07T09:25:35.314Z] [7] Listening on port: port 4080
[2014-10-07T09:25:35.315Z] [6] Listening on port: port 4080
[2014-10-07T09:25:35.317Z] [7] Listening on port: port 40443
[2014-10-07T09:25:35.318Z] [7] Start successful
[2014-10-07T09:25:35.318Z] [6] Listening on port: port 40443
[2014-10-07T09:25:35.318Z] [6] Start successful
[2014-10-07T09:25:35.344Z] [2] Listening on port: port 4080
[2014-10-07T09:25:35.346Z] [2] Listening on port: port 40443
[2014-10-07T09:25:35.346Z] [2] Start successful
[2014-10-07T09:25:35.361Z] [8] Listening on port: port 4080
[2014-10-07T09:25:35.363Z] [8] Listening on port: port 40443
[2014-10-07T09:25:35.363Z] [8] Start successful
[2014-10-07T09:25:35.363Z] All workers started in 278ms
[2014-10-07T09:25:36.251Z] [2] Listening on port: port 4080
[2014-10-07T09:25:36.253Z] [2] Listening on port: port 40443
[2014-10-07T09:25:36.253Z] [2] Start successful
[2014-10-07T09:25:36.253Z] [1] Listening on port: port 4080
[2014-10-07T09:25:36.255Z] [1] Listening on port: port 40443
[2014-10-07T09:25:36.255Z] [1] Start successful
[2014-10-07T09:25:36.260Z] [5] Listening on port: port 4080
[2014-10-07T09:25:36.260Z] [3] Listening on port: port 4080
[2014-10-07T09:25:36.261Z] [4] Listening on port: port 4080
[2014-10-07T09:25:36.261Z] [5] Listening on port: port 40443
[2014-10-07T09:25:36.261Z] [5] Start successful
[2014-10-07T09:25:36.262Z] [6] Listening on port: port 4080
[2014-10-07T09:25:36.263Z] [3] Listening on port: port 40443
[2014-10-07T09:25:36.263Z] [3] Start successful
[2014-10-07T09:25:36.263Z] [4] Listening on port: port 40443
[2014-10-07T09:25:36.264Z] [4] Start successful
[2014-10-07T09:25:36.264Z] [6] Listening on port: port 40443
[2014-10-07T09:25:36.264Z] [6] Start successful
[2014-10-07T09:25:36.264Z] [7] Listening on port: port 4080
[2014-10-07T09:25:36.266Z] [7] Listening on port: port 40443
[2014-10-07T09:25:36.266Z] [7] Start successful
[2014-10-07T09:25:36.275Z] [8] Listening on port: port 4080
[2014-10-07T09:25:36.277Z] [8] Listening on port: port 40443
[2014-10-07T09:25:36.277Z] [8] Start successful
[2014-10-07T09:25:36.277Z] All workers started in 229ms
[2014-10-07T09:25:37.199Z] [3] Listening on port: port 4080
[2014-10-07T09:25:37.201Z] [3] Listening on port: port 40443
[2014-10-07T09:25:37.202Z] [3] Start successful
[2014-10-07T09:25:37.202Z] [1] Listening on port: port 4080
[2014-10-07T09:25:37.204Z] [1] Listening on port: port 40443
[2014-10-07T09:25:37.204Z] [1] Start successful
[2014-10-07T09:25:37.210Z] [2] Listening on port: port 4080
[2014-10-07T09:25:37.212Z] [2] Listening on port: port 40443
[2014-10-07T09:25:37.212Z] [2] Start successful
[2014-10-07T09:25:37.217Z] [6] Listening on port: port 4080
[2014-10-07T09:25:37.218Z] [6] Listening on port: port 40443
[2014-10-07T09:25:37.219Z] [6] Start successful
[2014-10-07T09:25:37.219Z] [8] Listening on port: port 4080
[2014-10-07T09:25:37.221Z] [8] Listening on port: port 40443
[2014-10-07T09:25:37.221Z] [8] Start successful
[2014-10-07T09:25:37.229Z] [7] Listening on port: port 4080
[2014-10-07T09:25:37.229Z] [5] Listening on port: port 4080
[2014-10-07T09:25:37.230Z] [7] Listening on port: port 40443
[2014-10-07T09:25:37.230Z] [7] Start successful
[2014-10-07T09:25:37.235Z] [5] Listening on port: port 40443
[2014-10-07T09:25:37.235Z] [5] Start successful
[2014-10-07T09:25:37.237Z] [4] Listening on port: port 4080
[2014-10-07T09:25:37.238Z] [4] Listening on port: port 40443
[2014-10-07T09:25:37.238Z] [4] Start successful
[2014-10-07T09:25:37.239Z] All workers started in 235ms
[2014-10-07T09:25:38.315Z] [1] Listening on port: port 4080
[2014-10-07T09:25:38.317Z] [1] Listening on port: port 40443
[2014-10-07T09:25:38.318Z] [1] Start successful
[2014-10-07T09:25:38.324Z] [3] Listening on port: port 4080
[2014-10-07T09:25:38.326Z] [3] Listening on port: port 40443
[2014-10-07T09:25:38.326Z] [3] Start successful
[2014-10-07T09:25:38.334Z] [2] Listening on port: port 4080
[2014-10-07T09:25:38.336Z] [2] Listening on port: port 40443
[2014-10-07T09:25:38.336Z] [2] Start successful
[2014-10-07T09:25:38.342Z] [4] Listening on port: port 4080
[2014-10-07T09:25:38.343Z] [5] Listening on port: port 4080
[2014-10-07T09:25:38.344Z] [7] Listening on port: port 4080
[2014-10-07T09:25:38.345Z] [4] Listening on port: port 40443
[2014-10-07T09:25:38.345Z] [4] Start successful
[2014-10-07T09:25:38.345Z] [5] Listening on port: port 40443
[2014-10-07T09:25:38.346Z] [5] Start successful
[2014-10-07T09:25:38.347Z] [7] Listening on port: port 40443
[2014-10-07T09:25:38.347Z] [7] Start successful
[2014-10-07T09:25:38.361Z] [8] Listening on port: port 4080
[2014-10-07T09:25:38.363Z] [6] Listening on port: port 4080
[2014-10-07T09:25:38.363Z] [8] Listening on port: port 40443
[2014-10-07T09:25:38.363Z] [8] Start successful
[2014-10-07T09:25:38.364Z] [6] Listening on port: port 40443
[2014-10-07T09:25:38.364Z] [6] Start successful
[2014-10-07T09:25:38.365Z] All workers started in 258ms
[2014-10-07T09:25:42.493Z] [1] Listening on port: port 4080
[2014-10-07T09:25:42.494Z] [1] Listening on port: port 40443
[2014-10-07T09:25:42.496Z] [1] Start successful
[2014-10-07T09:25:42.501Z] [3] Listening on port: port 4080
[2014-10-07T09:25:42.502Z] [4] Listening on port: port 4080
[2014-10-07T09:25:42.504Z] [3] Listening on port: port 40443
[2014-10-07T09:25:42.504Z] [3] Start successful
[2014-10-07T09:25:42.505Z] [4] Listening on port: port 40443
[2014-10-07T09:25:42.505Z] [4] Start successful
[2014-10-07T09:25:42.508Z] [7] Listening on port: port 4080
[2014-10-07T09:25:42.510Z] [7] Listening on port: port 40443
[2014-10-07T09:25:42.510Z] [7] Start successful
[2014-10-07T09:25:42.512Z] [5] Listening on port: port 4080
[2014-10-07T09:25:42.514Z] [5] Listening on port: port 40443
[2014-10-07T09:25:42.514Z] [5] Start successful
[2014-10-07T09:25:42.515Z] [2] Listening on port: port 4080
[2014-10-07T09:25:42.517Z] [2] Listening on port: port 40443
[2014-10-07T09:25:42.517Z] [2] Start successful
[2014-10-07T09:25:42.520Z] [6] Listening on port: port 4080
[2014-10-07T09:25:42.521Z] [6] Listening on port: port 40443
[2014-10-07T09:25:42.522Z] [6] Start successful
[2014-10-07T09:25:42.522Z] [8] Listening on port: port 4080
[2014-10-07T09:25:42.524Z] [8] Listening on port: port 40443
[2014-10-07T09:25:42.524Z] [8] Start successful
[2014-10-07T09:25:42.524Z] All workers started in 232ms
